CRITICAL - 2022-12-05 00:03:07 --> Invalid file: /register.php
in SYSTEMPATH/Exceptions/FrameworkException.php on line 33.
 1 SYSTEMPATH/View/View.php(201): CodeIgniter\Exceptions\FrameworkException::forInvalidFile()
 2 SYSTEMPATH/Common.php(1134): CodeIgniter\View\View->render()
 3 APPPATH/Controllers/Home.php(64): view()
 4 SYSTEMPATH/CodeIgniter.php(927): App\Controllers\Home->register()
 5 SYSTEMPATH/CodeIgniter.php(482): CodeIgniter\CodeIgniter->runController()
 6 SYSTEMPATH/CodeIgniter.php(351): CodeIgniter\CodeIgniter->handleRequest()
 7 FCPATH/index.php(67): CodeIgniter\CodeIgniter->run()
CRITICAL - 2022-12-05 01:06:43 --> Invalid file: /employees/register1.php
in SYSTEMPATH/Exceptions/FrameworkException.php on line 33.
 1 SYSTEMPATH/View/View.php(201): CodeIgniter\Exceptions\FrameworkException::forInvalidFile()
 2 SYSTEMPATH/Common.php(1134): CodeIgniter\View\View->render()
 3 APPPATH/Controllers/Home.php(64): view()
 4 SYSTEMPATH/CodeIgniter.php(927): App\Controllers\Home->register1()
 5 SYSTEMPATH/CodeIgniter.php(482): CodeIgniter\CodeIgniter->runController()
 6 SYSTEMPATH/CodeIgniter.php(351): CodeIgniter\CodeIgniter->handleRequest()
 7 FCPATH/index.php(67): CodeIgniter\CodeIgniter->run()
CRITICAL - 2022-12-05 11:04:37 --> Invalid file: structure/head.php
in SYSTEMPATH/Exceptions/FrameworkException.php on line 33.
 1 SYSTEMPATH/View/View.php(201): CodeIgniter\Exceptions\FrameworkException::forInvalidFile()
 2 SYSTEMPATH/Common.php(1134): CodeIgniter\View\View->render()
 3 APPPATH/Controllers/Home.php(31): view()
 4 APPPATH/Controllers/Home.php(47): App\Controllers\Home->index()
 5 SYSTEMPATH/CodeIgniter.php(927): App\Controllers\Home->register()
 6 SYSTEMPATH/CodeIgniter.php(482): CodeIgniter\CodeIgniter->runController()
 7 SYSTEMPATH/CodeIgniter.php(351): CodeIgniter\CodeIgniter->handleRequest()
 8 FCPATH/index.php(67): CodeIgniter\CodeIgniter->run()
CRITICAL - 2022-12-05 11:04:44 --> Invalid file: structure/head.php
in SYSTEMPATH/Exceptions/FrameworkException.php on line 33.
 1 SYSTEMPATH/View/View.php(201): CodeIgniter\Exceptions\FrameworkException::forInvalidFile()
 2 SYSTEMPATH/Common.php(1134): CodeIgniter\View\View->render()
 3 APPPATH/Controllers/Home.php(31): view()
 4 APPPATH/Controllers/Home.php(47): App\Controllers\Home->index()
 5 SYSTEMPATH/CodeIgniter.php(927): App\Controllers\Home->register()
 6 SYSTEMPATH/CodeIgniter.php(482): CodeIgniter\CodeIgniter->runController()
 7 SYSTEMPATH/CodeIgniter.php(351): CodeIgniter\CodeIgniter->handleRequest()
 8 FCPATH/index.php(67): CodeIgniter\CodeIgniter->run()
CRITICAL - 2022-12-05 12:20:46 --> Call to undefined method App\Models\UserModel::setUsersArray
in SYSTEMPATH/Model.php on line 774.
 1 APPPATH/Models/UserModel.php(46): CodeIgniter\Model->__call()
 2 APPPATH/Controllers/Home.php(80): App\Models\UserModel->validaciondatos()
 3 APPPATH/Controllers/Home.php(53): App\Controllers\Home->create()
 4 SYSTEMPATH/CodeIgniter.php(927): App\Controllers\Home->register()
 5 SYSTEMPATH/CodeIgniter.php(482): CodeIgniter\CodeIgniter->runController()
 6 SYSTEMPATH/CodeIgniter.php(351): CodeIgniter\CodeIgniter->handleRequest()
 7 FCPATH/index.php(67): CodeIgniter\CodeIgniter->run()
CRITICAL - 2022-12-05 12:27:01 --> Undefined variable: validation
in APPPATH/Views/employees/register.php on line 19.
 1 APPPATH/Views/employees/register.php(19): CodeIgniter\Debug\Exceptions->errorHandler()
 2 SYSTEMPATH/View/View.php(213): include('APPPATH/Views/employees/register.php')
 3 SYSTEMPATH/View/View.php(216): CodeIgniter\View\View->CodeIgniter\View\{closure}()
 4 SYSTEMPATH/Common.php(1134): CodeIgniter\View\View->render()
 5 APPPATH/Models/UserModel.php(55): view()
 6 APPPATH/Controllers/Home.php(80): App\Models\UserModel->validaciondatos()
 7 APPPATH/Controllers/Home.php(53): App\Controllers\Home->create()
 8 SYSTEMPATH/CodeIgniter.php(927): App\Controllers\Home->register()
 9 SYSTEMPATH/CodeIgniter.php(482): CodeIgniter\CodeIgniter->runController()
10 SYSTEMPATH/CodeIgniter.php(351): CodeIgniter\CodeIgniter->handleRequest()
11 FCPATH/index.php(67): CodeIgniter\CodeIgniter->run()
CRITICAL - 2022-12-05 12:28:23 --> Undefined variable: validation
in APPPATH/Views/employees/register.php on line 19.
 1 APPPATH/Views/employees/register.php(19): CodeIgniter\Debug\Exceptions->errorHandler()
 2 SYSTEMPATH/View/View.php(213): include('APPPATH/Views/employees/register.php')
 3 SYSTEMPATH/View/View.php(216): CodeIgniter\View\View->CodeIgniter\View\{closure}()
 4 SYSTEMPATH/Common.php(1134): CodeIgniter\View\View->render()
 5 APPPATH/Models/UserModel.php(55): view()
 6 APPPATH/Controllers/Home.php(80): App\Models\UserModel->validaciondatos()
 7 APPPATH/Controllers/Home.php(53): App\Controllers\Home->create()
 8 SYSTEMPATH/CodeIgniter.php(927): App\Controllers\Home->register()
 9 SYSTEMPATH/CodeIgniter.php(482): CodeIgniter\CodeIgniter->runController()
10 SYSTEMPATH/CodeIgniter.php(351): CodeIgniter\CodeIgniter->handleRequest()
11 FCPATH/index.php(67): CodeIgniter\CodeIgniter->run()
CRITICAL - 2022-12-05 12:29:54 --> Undefined variable: validation
in APPPATH/Views/employees/register.php on line 19.
 1 APPPATH/Views/employees/register.php(19): CodeIgniter\Debug\Exceptions->errorHandler()
 2 SYSTEMPATH/View/View.php(213): include('APPPATH/Views/employees/register.php')
 3 SYSTEMPATH/View/View.php(216): CodeIgniter\View\View->CodeIgniter\View\{closure}()
 4 SYSTEMPATH/Common.php(1134): CodeIgniter\View\View->render()
 5 APPPATH/Models/UserModel.php(55): view()
 6 APPPATH/Controllers/Home.php(80): App\Models\UserModel->validaciondatos()
 7 APPPATH/Controllers/Home.php(53): App\Controllers\Home->create()
 8 SYSTEMPATH/CodeIgniter.php(927): App\Controllers\Home->register()
 9 SYSTEMPATH/CodeIgniter.php(482): CodeIgniter\CodeIgniter->runController()
10 SYSTEMPATH/CodeIgniter.php(351): CodeIgniter\CodeIgniter->handleRequest()
11 FCPATH/index.php(67): CodeIgniter\CodeIgniter->run()
CRITICAL - 2022-12-05 12:30:39 --> Undefined variable: validation
in APPPATH/Views/employees/register.php on line 19.
 1 APPPATH/Views/employees/register.php(19): CodeIgniter\Debug\Exceptions->errorHandler()
 2 SYSTEMPATH/View/View.php(213): include('APPPATH/Views/employees/register.php')
 3 SYSTEMPATH/View/View.php(216): CodeIgniter\View\View->CodeIgniter\View\{closure}()
 4 SYSTEMPATH/Common.php(1134): CodeIgniter\View\View->render()
 5 APPPATH/Models/UserModel.php(55): view()
 6 APPPATH/Controllers/Home.php(80): App\Models\UserModel->validaciondatos()
 7 APPPATH/Controllers/Home.php(53): App\Controllers\Home->create()
 8 SYSTEMPATH/CodeIgniter.php(927): App\Controllers\Home->register()
 9 SYSTEMPATH/CodeIgniter.php(482): CodeIgniter\CodeIgniter->runController()
10 SYSTEMPATH/CodeIgniter.php(351): CodeIgniter\CodeIgniter->handleRequest()
11 FCPATH/index.php(67): CodeIgniter\CodeIgniter->run()
CRITICAL - 2022-12-05 12:32:03 --> Undefined variable: validation
in APPPATH/Views/employees/register.php on line 19.
 1 APPPATH/Views/employees/register.php(19): CodeIgniter\Debug\Exceptions->errorHandler()
 2 SYSTEMPATH/View/View.php(213): include('APPPATH/Views/employees/register.php')
 3 SYSTEMPATH/View/View.php(216): CodeIgniter\View\View->CodeIgniter\View\{closure}()
 4 SYSTEMPATH/Common.php(1134): CodeIgniter\View\View->render()
 5 APPPATH/Models/UserModel.php(55): view()
 6 APPPATH/Controllers/Home.php(80): App\Models\UserModel->validaciondatos()
 7 APPPATH/Controllers/Home.php(53): App\Controllers\Home->create()
 8 SYSTEMPATH/CodeIgniter.php(927): App\Controllers\Home->register()
 9 SYSTEMPATH/CodeIgniter.php(482): CodeIgniter\CodeIgniter->runController()
10 SYSTEMPATH/CodeIgniter.php(351): CodeIgniter\CodeIgniter->handleRequest()
11 FCPATH/index.php(67): CodeIgniter\CodeIgniter->run()
CRITICAL - 2022-12-05 12:32:34 --> Invalid file: /register.php
in SYSTEMPATH/Exceptions/FrameworkException.php on line 33.
 1 SYSTEMPATH/View/View.php(201): CodeIgniter\Exceptions\FrameworkException::forInvalidFile()
 2 SYSTEMPATH/Common.php(1134): CodeIgniter\View\View->render()
 3 APPPATH/Models/UserModel.php(54): view()
 4 APPPATH/Controllers/Home.php(80): App\Models\UserModel->validaciondatos()
 5 APPPATH/Controllers/Home.php(53): App\Controllers\Home->create()
 6 SYSTEMPATH/CodeIgniter.php(927): App\Controllers\Home->register()
 7 SYSTEMPATH/CodeIgniter.php(482): CodeIgniter\CodeIgniter->runController()
 8 SYSTEMPATH/CodeIgniter.php(351): CodeIgniter\CodeIgniter->handleRequest()
 9 FCPATH/index.php(67): CodeIgniter\CodeIgniter->run()
CRITICAL - 2022-12-05 12:41:06 --> Invalid file: /register.php
in SYSTEMPATH/Exceptions/FrameworkException.php on line 33.
 1 SYSTEMPATH/View/View.php(201): CodeIgniter\Exceptions\FrameworkException::forInvalidFile()
 2 SYSTEMPATH/Common.php(1134): CodeIgniter\View\View->render()
 3 APPPATH/Controllers/Home.php(82): view()
 4 APPPATH/Controllers/Home.php(53): App\Controllers\Home->create()
 5 SYSTEMPATH/CodeIgniter.php(927): App\Controllers\Home->register()
 6 SYSTEMPATH/CodeIgniter.php(482): CodeIgniter\CodeIgniter->runController()
 7 SYSTEMPATH/CodeIgniter.php(351): CodeIgniter\CodeIgniter->handleRequest()
 8 FCPATH/index.php(67): CodeIgniter\CodeIgniter->run()
CRITICAL - 2022-12-05 12:44:22 --> Xdebug has detected a possible infinite loop, and aborted your script with a stack depth of '200' frames
in SYSTEMPATH/Config/Factories.php on line 98.
 1 SYSTEMPATH/Config/Factories.php(98): array_shift()
 2 SYSTEMPATH/Common.php(203): CodeIgniter\Config\Factories::__callStatic()
 3 SYSTEMPATH/Debug/Toolbar/Collectors/Database.php(80): config()
 4 SYSTEMPATH/Events/Events.php(149): CodeIgniter\Debug\Toolbar\Collectors\Database::collect()
 5 SYSTEMPATH/Database/BaseConnection.php(640): CodeIgniter\Events\Events::trigger()
 6 SYSTEMPATH/Model.php(768): CodeIgniter\Database\BaseConnection->query()
 7 APPPATH/Models/UserModel.php(61): CodeIgniter\Model->__call()
 8 APPPATH/Controllers/Home.php(19): App\Models\UserModel->rescatarUser()
 9 APPPATH/Controllers/Home.php(28): App\Controllers\Home->usuario()
10 APPPATH/Controllers/Home.php(47): App\Controllers\Home->index()
11 APPPATH/Controllers/Home.php(81): App\Controllers\Home->register()
12 APPPATH/Controllers/Home.php(53): App\Controllers\Home->create()
13 APPPATH/Controllers/Home.php(81): App\Controllers\Home->register()
14 APPPATH/Controllers/Home.php(53): App\Controllers\Home->create()
15 APPPATH/Controllers/Home.php(81): App\Controllers\Home->register()
16 APPPATH/Controllers/Home.php(53): App\Controllers\Home->create()
17 APPPATH/Controllers/Home.php(81): App\Controllers\Home->register()
18 APPPATH/Controllers/Home.php(53): App\Controllers\Home->create()
19 APPPATH/Controllers/Home.php(81): App\Controllers\Home->register()
20 APPPATH/Controllers/Home.php(53): App\Controllers\Home->create()
21 APPPATH/Controllers/Home.php(81): App\Controllers\Home->register()
22 APPPATH/Controllers/Home.php(53): App\Controllers\Home->create()
23 APPPATH/Controllers/Home.php(81): App\Controllers\Home->register()
24 APPPATH/Controllers/Home.php(53): App\Controllers\Home->create()
25 APPPATH/Controllers/Home.php(81): App\Controllers\Home->register()
26 APPPATH/Controllers/Home.php(53): App\Controllers\Home->create()
27 APPPATH/Controllers/Home.php(81): App\Controllers\Home->register()
28 APPPATH/Controllers/Home.php(53): App\Controllers\Home->create()
29 APPPATH/Controllers/Home.php(81): App\Controllers\Home->register()
30 APPPATH/Controllers/Home.php(53): App\Controllers\Home->create()
31 APPPATH/Controllers/Home.php(81): App\Controllers\Home->register()
32 APPPATH/Controllers/Home.php(53): App\Controllers\Home->create()
33 APPPATH/Controllers/Home.php(81): App\Controllers\Home->register()
34 APPPATH/Controllers/Home.php(53): App\Controllers\Home->create()
35 APPPATH/Controllers/Home.php(81): App\Controllers\Home->register()
36 APPPATH/Controllers/Home.php(53): App\Controllers\Home->create()
37 APPPATH/Controllers/Home.php(81): App\Controllers\Home->register()
38 APPPATH/Controllers/Home.php(53): App\Controllers\Home->create()
39 APPPATH/Controllers/Home.php(81): App\Controllers\Home->register()
40 APPPATH/Controllers/Home.php(53): App\Controllers\Home->create()
41 APPPATH/Controllers/Home.php(81): App\Controllers\Home->register()
42 APPPATH/Controllers/Home.php(53): App\Controllers\Home->create()
43 APPPATH/Controllers/Home.php(81): App\Controllers\Home->register()
44 APPPATH/Controllers/Home.php(53): App\Controllers\Home->create()
45 APPPATH/Controllers/Home.php(81): App\Controllers\Home->register()
46 APPPATH/Controllers/Home.php(53): App\Controllers\Home->create()
47 APPPATH/Controllers/Home.php(81): App\Controllers\Home->register()
48 APPPATH/Controllers/Home.php(53): App\Controllers\Home->create()
49 APPPATH/Controllers/Home.php(81): App\Controllers\Home->register()
50 APPPATH/Controllers/Home.php(53): App\Controllers\Home->create()
51 APPPATH/Controllers/Home.php(81): App\Controllers\Home->register()
52 APPPATH/Controllers/Home.php(53): App\Controllers\Home->create()
53 APPPATH/Controllers/Home.php(81): App\Controllers\Home->register()
54 APPPATH/Controllers/Home.php(53): App\Controllers\Home->create()
55 APPPATH/Controllers/Home.php(81): App\Controllers\Home->register()
56 APPPATH/Controllers/Home.php(53): App\Controllers\Home->create()
57 APPPATH/Controllers/Home.php(81): App\Controllers\Home->register()
58 APPPATH/Controllers/Home.php(53): App\Controllers\Home->create()
59 APPPATH/Controllers/Home.php(81): App\Controllers\Home->register()
60 APPPATH/Controllers/Home.php(53): App\Controllers\Home->create()
61 APPPATH/Controllers/Home.php(81): App\Controllers\Home->register()
62 APPPATH/Controllers/Home.php(53): App\Controllers\Home->create()
63 APPPATH/Controllers/Home.php(81): App\Controllers\Home->register()
64 APPPATH/Controllers/Home.php(53): App\Controllers\Home->create()
65 APPPATH/Controllers/Home.php(81): App\Controllers\Home->register()
66 APPPATH/Controllers/Home.php(53): App\Controllers\Home->create()
67 APPPATH/Controllers/Home.php(81): App\Controllers\Home->register()
68 APPPATH/Controllers/Home.php(53): App\Controllers\Home->create()
69 APPPATH/Controllers/Home.php(81): App\Controllers\Home->register()
70 APPPATH/Controllers/Home.php(53): App\Controllers\Home->create()
71 APPPATH/Controllers/Home.php(81): App\Controllers\Home->register()
72 APPPATH/Controllers/Home.php(53): App\Controllers\Home->create()
73 APPPATH/Controllers/Home.php(81): App\Controllers\Home->register()
74 APPPATH/Controllers/Home.php(53): App\Controllers\Home->create()
75 APPPATH/Controllers/Home.php(81): App\Controllers\Home->register()
76 APPPATH/Controllers/Home.php(53): App\Controllers\Home->create()
77 APPPATH/Controllers/Home.php(81): App\Controllers\Home->register()
78 APPPATH/Controllers/Home.php(53): App\Controllers\Home->create()
79 APPPATH/Controllers/Home.php(81): App\Controllers\Home->register()
80 APPPATH/Controllers/Home.php(53): App\Controllers\Home->create()
81 APPPATH/Controllers/Home.php(81): App\Controllers\Home->register()
82 APPPATH/Controllers/Home.php(53): App\Controllers\Home->create()
83 APPPATH/Controllers/Home.php(81): App\Controllers\Home->register()
84 APPPATH/Controllers/Home.php(53): App\Controllers\Home->create()
85 APPPATH/Controllers/Home.php(81): App\Controllers\Home->register()
86 APPPATH/Controllers/Home.php(53): App\Controllers\Home->create()
87 APPPATH/Controllers/Home.php(81): App\Controllers\Home->register()
88 APPPATH/Controllers/Home.php(53): App\Controllers\Home->create()
89 APPPATH/Controllers/Home.php(81): App\Controllers\Home->register()
90 APPPATH/Controllers/Home.php(53): App\Controllers\Home->create()
91 APPPATH/Controllers/Home.php(81): App\Controllers\Home->register()
92 APPPATH/Controllers/Home.php(53): App\Controllers\Home->create()
93 APPPATH/Controllers/Home.php(81): App\Controllers\Home->register()
94 APPPATH/Controllers/Home.php(53): App\Controllers\Home->create()
95 APPPATH/Controllers/Home.php(81): App\Controllers\Home->register()
96 APPPATH/Controllers/Home.php(53): App\Controllers\Home->create()
97 APPPATH/Controllers/Home.php(81): App\Controllers\Home->register()
98 APPPATH/Controllers/Home.php(53): App\Controllers\Home->create()
99 APPPATH/Controllers/Home.php(81): App\Controllers\Home->register()
100 APPPATH/Controllers/Home.php(53): App\Controllers\Home->create()
101 APPPATH/Controllers/Home.php(81): App\Controllers\Home->register()
102 APPPATH/Controllers/Home.php(53): App\Controllers\Home->create()
103 APPPATH/Controllers/Home.php(81): App\Controllers\Home->register()
104 APPPATH/Controllers/Home.php(53): App\Controllers\Home->create()
105 APPPATH/Controllers/Home.php(81): App\Controllers\Home->register()
106 APPPATH/Controllers/Home.php(53): App\Controllers\Home->create()
107 APPPATH/Controllers/Home.php(81): App\Controllers\Home->register()
108 APPPATH/Controllers/Home.php(53): App\Controllers\Home->create()
109 APPPATH/Controllers/Home.php(81): App\Controllers\Home->register()
110 APPPATH/Controllers/Home.php(53): App\Controllers\Home->create()
111 APPPATH/Controllers/Home.php(81): App\Controllers\Home->register()
112 APPPATH/Controllers/Home.php(53): App\Controllers\Home->create()
113 APPPATH/Controllers/Home.php(81): App\Controllers\Home->register()
114 APPPATH/Controllers/Home.php(53): App\Controllers\Home->create()
115 APPPATH/Controllers/Home.php(81): App\Controllers\Home->register()
116 APPPATH/Controllers/Home.php(53): App\Controllers\Home->create()
117 APPPATH/Controllers/Home.php(81): App\Controllers\Home->register()
118 APPPATH/Controllers/Home.php(53): App\Controllers\Home->create()
119 APPPATH/Controllers/Home.php(81): App\Controllers\Home->register()
120 APPPATH/Controllers/Home.php(53): App\Controllers\Home->create()
121 APPPATH/Controllers/Home.php(81): App\Controllers\Home->register()
122 APPPATH/Controllers/Home.php(53): App\Controllers\Home->create()
123 APPPATH/Controllers/Home.php(81): App\Controllers\Home->register()
124 APPPATH/Controllers/Home.php(53): App\Controllers\Home->create()
125 APPPATH/Controllers/Home.php(81): App\Controllers\Home->register()
126 APPPATH/Controllers/Home.php(53): App\Controllers\Home->create()
127 APPPATH/Controllers/Home.php(81): App\Controllers\Home->register()
128 APPPATH/Controllers/Home.php(53): App\Controllers\Home->create()
129 APPPATH/Controllers/Home.php(81): App\Controllers\Home->register()
130 APPPATH/Controllers/Home.php(53): App\Controllers\Home->create()
131 APPPATH/Controllers/Home.php(81): App\Controllers\Home->register()
132 APPPATH/Controllers/Home.php(53): App\Controllers\Home->create()
133 APPPATH/Controllers/Home.php(81): App\Controllers\Home->register()
134 APPPATH/Controllers/Home.php(53): App\Controllers\Home->create()
135 APPPATH/Controllers/Home.php(81): App\Controllers\Home->register()
136 APPPATH/Controllers/Home.php(53): App\Controllers\Home->create()
137 APPPATH/Controllers/Home.php(81): App\Controllers\Home->register()
138 APPPATH/Controllers/Home.php(53): App\Controllers\Home->create()
139 APPPATH/Controllers/Home.php(81): App\Controllers\Home->register()
140 APPPATH/Controllers/Home.php(53): App\Controllers\Home->create()
141 APPPATH/Controllers/Home.php(81): App\Controllers\Home->register()
142 APPPATH/Controllers/Home.php(53): App\Controllers\Home->create()
143 APPPATH/Controllers/Home.php(81): App\Controllers\Home->register()
144 APPPATH/Controllers/Home.php(53): App\Controllers\Home->create()
145 APPPATH/Controllers/Home.php(81): App\Controllers\Home->register()
146 APPPATH/Controllers/Home.php(53): App\Controllers\Home->create()
147 APPPATH/Controllers/Home.php(81): App\Controllers\Home->register()
148 APPPATH/Controllers/Home.php(53): App\Controllers\Home->create()
149 APPPATH/Controllers/Home.php(81): App\Controllers\Home->register()
150 APPPATH/Controllers/Home.php(53): App\Controllers\Home->create()
151 APPPATH/Controllers/Home.php(81): App\Controllers\Home->register()
152 APPPATH/Controllers/Home.php(53): App\Controllers\Home->create()
153 APPPATH/Controllers/Home.php(81): App\Controllers\Home->register()
154 APPPATH/Controllers/Home.php(53): App\Controllers\Home->create()
155 APPPATH/Controllers/Home.php(81): App\Controllers\Home->register()
156 APPPATH/Controllers/Home.php(53): App\Controllers\Home->create()
157 APPPATH/Controllers/Home.php(81): App\Controllers\Home->register()
158 APPPATH/Controllers/Home.php(53): App\Controllers\Home->create()
159 APPPATH/Controllers/Home.php(81): App\Controllers\Home->register()
160 APPPATH/Controllers/Home.php(53): App\Controllers\Home->create()
161 APPPATH/Controllers/Home.php(81): App\Controllers\Home->register()
162 APPPATH/Controllers/Home.php(53): App\Controllers\Home->create()
163 APPPATH/Controllers/Home.php(81): App\Controllers\Home->register()
164 APPPATH/Controllers/Home.php(53): App\Controllers\Home->create()
165 APPPATH/Controllers/Home.php(81): App\Controllers\Home->register()
166 APPPATH/Controllers/Home.php(53): App\Controllers\Home->create()
167 APPPATH/Controllers/Home.php(81): App\Controllers\Home->register()
168 APPPATH/Controllers/Home.php(53): App\Controllers\Home->create()
169 APPPATH/Controllers/Home.php(81): App\Controllers\Home->register()
170 APPPATH/Controllers/Home.php(53): App\Controllers\Home->create()
171 APPPATH/Controllers/Home.php(81): App\Controllers\Home->register()
172 APPPATH/Controllers/Home.php(53): App\Controllers\Home->create()
173 APPPATH/Controllers/Home.php(81): App\Controllers\Home->register()
174 APPPATH/Controllers/Home.php(53): App\Controllers\Home->create()
175 APPPATH/Controllers/Home.php(81): App\Controllers\Home->register()
176 APPPATH/Controllers/Home.php(53): App\Controllers\Home->create()
177 APPPATH/Controllers/Home.php(81): App\Controllers\Home->register()
178 APPPATH/Controllers/Home.php(53): App\Controllers\Home->create()
179 APPPATH/Controllers/Home.php(81): App\Controllers\Home->register()
180 APPPATH/Controllers/Home.php(53): App\Controllers\Home->create()
181 APPPATH/Controllers/Home.php(81): App\Controllers\Home->register()
182 APPPATH/Controllers/Home.php(53): App\Controllers\Home->create()
183 APPPATH/Controllers/Home.php(81): App\Controllers\Home->register()
184 APPPATH/Controllers/Home.php(53): App\Controllers\Home->create()
185 APPPATH/Controllers/Home.php(81): App\Controllers\Home->register()
186 APPPATH/Controllers/Home.php(53): App\Controllers\Home->create()
187 APPPATH/Controllers/Home.php(81): App\Controllers\Home->register()
188 APPPATH/Controllers/Home.php(53): App\Controllers\Home->create()
189 APPPATH/Controllers/Home.php(81): App\Controllers\Home->register()
190 APPPATH/Controllers/Home.php(53): App\Controllers\Home->create()
191 APPPATH/Controllers/Home.php(81): App\Controllers\Home->register()
192 APPPATH/Controllers/Home.php(53): App\Controllers\Home->create()
193 APPPATH/Controllers/Home.php(81): App\Controllers\Home->register()
194 APPPATH/Controllers/Home.php(53): App\Controllers\Home->create()
195 SYSTEMPATH/CodeIgniter.php(927): App\Controllers\Home->register()
196 SYSTEMPATH/CodeIgniter.php(482): CodeIgniter\CodeIgniter->runController()
197 SYSTEMPATH/CodeIgniter.php(351): CodeIgniter\CodeIgniter->handleRequest()
198 FCPATH/index.php(67): CodeIgniter\CodeIgniter->run()
CRITICAL - 2022-12-05 12:44:46 --> Xdebug has detected a possible infinite loop, and aborted your script with a stack depth of '200' frames
in SYSTEMPATH/Config/Factories.php on line 98.
 1 SYSTEMPATH/Config/Factories.php(98): array_shift()
 2 SYSTEMPATH/Common.php(203): CodeIgniter\Config\Factories::__callStatic()
 3 SYSTEMPATH/Debug/Toolbar/Collectors/Database.php(80): config()
 4 SYSTEMPATH/Events/Events.php(149): CodeIgniter\Debug\Toolbar\Collectors\Database::collect()
 5 SYSTEMPATH/Database/BaseConnection.php(640): CodeIgniter\Events\Events::trigger()
 6 SYSTEMPATH/Model.php(768): CodeIgniter\Database\BaseConnection->query()
 7 APPPATH/Models/UserModel.php(61): CodeIgniter\Model->__call()
 8 APPPATH/Controllers/Home.php(19): App\Models\UserModel->rescatarUser()
 9 APPPATH/Controllers/Home.php(28): App\Controllers\Home->usuario()
10 APPPATH/Controllers/Home.php(47): App\Controllers\Home->index()
11 APPPATH/Controllers/Home.php(81): App\Controllers\Home->register()
12 APPPATH/Controllers/Home.php(53): App\Controllers\Home->create()
13 APPPATH/Controllers/Home.php(81): App\Controllers\Home->register()
14 APPPATH/Controllers/Home.php(53): App\Controllers\Home->create()
15 APPPATH/Controllers/Home.php(81): App\Controllers\Home->register()
16 APPPATH/Controllers/Home.php(53): App\Controllers\Home->create()
17 APPPATH/Controllers/Home.php(81): App\Controllers\Home->register()
18 APPPATH/Controllers/Home.php(53): App\Controllers\Home->create()
19 APPPATH/Controllers/Home.php(81): App\Controllers\Home->register()
20 APPPATH/Controllers/Home.php(53): App\Controllers\Home->create()
21 APPPATH/Controllers/Home.php(81): App\Controllers\Home->register()
22 APPPATH/Controllers/Home.php(53): App\Controllers\Home->create()
23 APPPATH/Controllers/Home.php(81): App\Controllers\Home->register()
24 APPPATH/Controllers/Home.php(53): App\Controllers\Home->create()
25 APPPATH/Controllers/Home.php(81): App\Controllers\Home->register()
26 APPPATH/Controllers/Home.php(53): App\Controllers\Home->create()
27 APPPATH/Controllers/Home.php(81): App\Controllers\Home->register()
28 APPPATH/Controllers/Home.php(53): App\Controllers\Home->create()
29 APPPATH/Controllers/Home.php(81): App\Controllers\Home->register()
30 APPPATH/Controllers/Home.php(53): App\Controllers\Home->create()
31 APPPATH/Controllers/Home.php(81): App\Controllers\Home->register()
32 APPPATH/Controllers/Home.php(53): App\Controllers\Home->create()
33 APPPATH/Controllers/Home.php(81): App\Controllers\Home->register()
34 APPPATH/Controllers/Home.php(53): App\Controllers\Home->create()
35 APPPATH/Controllers/Home.php(81): App\Controllers\Home->register()
36 APPPATH/Controllers/Home.php(53): App\Controllers\Home->create()
37 APPPATH/Controllers/Home.php(81): App\Controllers\Home->register()
38 APPPATH/Controllers/Home.php(53): App\Controllers\Home->create()
39 APPPATH/Controllers/Home.php(81): App\Controllers\Home->register()
40 APPPATH/Controllers/Home.php(53): App\Controllers\Home->create()
41 APPPATH/Controllers/Home.php(81): App\Controllers\Home->register()
42 APPPATH/Controllers/Home.php(53): App\Controllers\Home->create()
43 APPPATH/Controllers/Home.php(81): App\Controllers\Home->register()
44 APPPATH/Controllers/Home.php(53): App\Controllers\Home->create()
45 APPPATH/Controllers/Home.php(81): App\Controllers\Home->register()
46 APPPATH/Controllers/Home.php(53): App\Controllers\Home->create()
47 APPPATH/Controllers/Home.php(81): App\Controllers\Home->register()
48 APPPATH/Controllers/Home.php(53): App\Controllers\Home->create()
49 APPPATH/Controllers/Home.php(81): App\Controllers\Home->register()
50 APPPATH/Controllers/Home.php(53): App\Controllers\Home->create()
51 APPPATH/Controllers/Home.php(81): App\Controllers\Home->register()
52 APPPATH/Controllers/Home.php(53): App\Controllers\Home->create()
53 APPPATH/Controllers/Home.php(81): App\Controllers\Home->register()
54 APPPATH/Controllers/Home.php(53): App\Controllers\Home->create()
55 APPPATH/Controllers/Home.php(81): App\Controllers\Home->register()
56 APPPATH/Controllers/Home.php(53): App\Controllers\Home->create()
57 APPPATH/Controllers/Home.php(81): App\Controllers\Home->register()
58 APPPATH/Controllers/Home.php(53): App\Controllers\Home->create()
59 APPPATH/Controllers/Home.php(81): App\Controllers\Home->register()
60 APPPATH/Controllers/Home.php(53): App\Controllers\Home->create()
61 APPPATH/Controllers/Home.php(81): App\Controllers\Home->register()
62 APPPATH/Controllers/Home.php(53): App\Controllers\Home->create()
63 APPPATH/Controllers/Home.php(81): App\Controllers\Home->register()
64 APPPATH/Controllers/Home.php(53): App\Controllers\Home->create()
65 APPPATH/Controllers/Home.php(81): App\Controllers\Home->register()
66 APPPATH/Controllers/Home.php(53): App\Controllers\Home->create()
67 APPPATH/Controllers/Home.php(81): App\Controllers\Home->register()
68 APPPATH/Controllers/Home.php(53): App\Controllers\Home->create()
69 APPPATH/Controllers/Home.php(81): App\Controllers\Home->register()
70 APPPATH/Controllers/Home.php(53): App\Controllers\Home->create()
71 APPPATH/Controllers/Home.php(81): App\Controllers\Home->register()
72 APPPATH/Controllers/Home.php(53): App\Controllers\Home->create()
73 APPPATH/Controllers/Home.php(81): App\Controllers\Home->register()
74 APPPATH/Controllers/Home.php(53): App\Controllers\Home->create()
75 APPPATH/Controllers/Home.php(81): App\Controllers\Home->register()
76 APPPATH/Controllers/Home.php(53): App\Controllers\Home->create()
77 APPPATH/Controllers/Home.php(81): App\Controllers\Home->register()
78 APPPATH/Controllers/Home.php(53): App\Controllers\Home->create()
79 APPPATH/Controllers/Home.php(81): App\Controllers\Home->register()
80 APPPATH/Controllers/Home.php(53): App\Controllers\Home->create()
81 APPPATH/Controllers/Home.php(81): App\Controllers\Home->register()
82 APPPATH/Controllers/Home.php(53): App\Controllers\Home->create()
83 APPPATH/Controllers/Home.php(81): App\Controllers\Home->register()
84 APPPATH/Controllers/Home.php(53): App\Controllers\Home->create()
85 APPPATH/Controllers/Home.php(81): App\Controllers\Home->register()
86 APPPATH/Controllers/Home.php(53): App\Controllers\Home->create()
87 APPPATH/Controllers/Home.php(81): App\Controllers\Home->register()
88 APPPATH/Controllers/Home.php(53): App\Controllers\Home->create()
89 APPPATH/Controllers/Home.php(81): App\Controllers\Home->register()
90 APPPATH/Controllers/Home.php(53): App\Controllers\Home->create()
91 APPPATH/Controllers/Home.php(81): App\Controllers\Home->register()
92 APPPATH/Controllers/Home.php(53): App\Controllers\Home->create()
93 APPPATH/Controllers/Home.php(81): App\Controllers\Home->register()
94 APPPATH/Controllers/Home.php(53): App\Controllers\Home->create()
95 APPPATH/Controllers/Home.php(81): App\Controllers\Home->register()
96 APPPATH/Controllers/Home.php(53): App\Controllers\Home->create()
97 APPPATH/Controllers/Home.php(81): App\Controllers\Home->register()
98 APPPATH/Controllers/Home.php(53): App\Controllers\Home->create()
99 APPPATH/Controllers/Home.php(81): App\Controllers\Home->register()
100 APPPATH/Controllers/Home.php(53): App\Controllers\Home->create()
101 APPPATH/Controllers/Home.php(81): App\Controllers\Home->register()
102 APPPATH/Controllers/Home.php(53): App\Controllers\Home->create()
103 APPPATH/Controllers/Home.php(81): App\Controllers\Home->register()
104 APPPATH/Controllers/Home.php(53): App\Controllers\Home->create()
105 APPPATH/Controllers/Home.php(81): App\Controllers\Home->register()
106 APPPATH/Controllers/Home.php(53): App\Controllers\Home->create()
107 APPPATH/Controllers/Home.php(81): App\Controllers\Home->register()
108 APPPATH/Controllers/Home.php(53): App\Controllers\Home->create()
109 APPPATH/Controllers/Home.php(81): App\Controllers\Home->register()
110 APPPATH/Controllers/Home.php(53): App\Controllers\Home->create()
111 APPPATH/Controllers/Home.php(81): App\Controllers\Home->register()
112 APPPATH/Controllers/Home.php(53): App\Controllers\Home->create()
113 APPPATH/Controllers/Home.php(81): App\Controllers\Home->register()
114 APPPATH/Controllers/Home.php(53): App\Controllers\Home->create()
115 APPPATH/Controllers/Home.php(81): App\Controllers\Home->register()
116 APPPATH/Controllers/Home.php(53): App\Controllers\Home->create()
117 APPPATH/Controllers/Home.php(81): App\Controllers\Home->register()
118 APPPATH/Controllers/Home.php(53): App\Controllers\Home->create()
119 APPPATH/Controllers/Home.php(81): App\Controllers\Home->register()
120 APPPATH/Controllers/Home.php(53): App\Controllers\Home->create()
121 APPPATH/Controllers/Home.php(81): App\Controllers\Home->register()
122 APPPATH/Controllers/Home.php(53): App\Controllers\Home->create()
123 APPPATH/Controllers/Home.php(81): App\Controllers\Home->register()
124 APPPATH/Controllers/Home.php(53): App\Controllers\Home->create()
125 APPPATH/Controllers/Home.php(81): App\Controllers\Home->register()
126 APPPATH/Controllers/Home.php(53): App\Controllers\Home->create()
127 APPPATH/Controllers/Home.php(81): App\Controllers\Home->register()
128 APPPATH/Controllers/Home.php(53): App\Controllers\Home->create()
129 APPPATH/Controllers/Home.php(81): App\Controllers\Home->register()
130 APPPATH/Controllers/Home.php(53): App\Controllers\Home->create()
131 APPPATH/Controllers/Home.php(81): App\Controllers\Home->register()
132 APPPATH/Controllers/Home.php(53): App\Controllers\Home->create()
133 APPPATH/Controllers/Home.php(81): App\Controllers\Home->register()
134 APPPATH/Controllers/Home.php(53): App\Controllers\Home->create()
135 APPPATH/Controllers/Home.php(81): App\Controllers\Home->register()
136 APPPATH/Controllers/Home.php(53): App\Controllers\Home->create()
137 APPPATH/Controllers/Home.php(81): App\Controllers\Home->register()
138 APPPATH/Controllers/Home.php(53): App\Controllers\Home->create()
139 APPPATH/Controllers/Home.php(81): App\Controllers\Home->register()
140 APPPATH/Controllers/Home.php(53): App\Controllers\Home->create()
141 APPPATH/Controllers/Home.php(81): App\Controllers\Home->register()
142 APPPATH/Controllers/Home.php(53): App\Controllers\Home->create()
143 APPPATH/Controllers/Home.php(81): App\Controllers\Home->register()
144 APPPATH/Controllers/Home.php(53): App\Controllers\Home->create()
145 APPPATH/Controllers/Home.php(81): App\Controllers\Home->register()
146 APPPATH/Controllers/Home.php(53): App\Controllers\Home->create()
147 APPPATH/Controllers/Home.php(81): App\Controllers\Home->register()
148 APPPATH/Controllers/Home.php(53): App\Controllers\Home->create()
149 APPPATH/Controllers/Home.php(81): App\Controllers\Home->register()
150 APPPATH/Controllers/Home.php(53): App\Controllers\Home->create()
151 APPPATH/Controllers/Home.php(81): App\Controllers\Home->register()
152 APPPATH/Controllers/Home.php(53): App\Controllers\Home->create()
153 APPPATH/Controllers/Home.php(81): App\Controllers\Home->register()
154 APPPATH/Controllers/Home.php(53): App\Controllers\Home->create()
155 APPPATH/Controllers/Home.php(81): App\Controllers\Home->register()
156 APPPATH/Controllers/Home.php(53): App\Controllers\Home->create()
157 APPPATH/Controllers/Home.php(81): App\Controllers\Home->register()
158 APPPATH/Controllers/Home.php(53): App\Controllers\Home->create()
159 APPPATH/Controllers/Home.php(81): App\Controllers\Home->register()
160 APPPATH/Controllers/Home.php(53): App\Controllers\Home->create()
161 APPPATH/Controllers/Home.php(81): App\Controllers\Home->register()
162 APPPATH/Controllers/Home.php(53): App\Controllers\Home->create()
163 APPPATH/Controllers/Home.php(81): App\Controllers\Home->register()
164 APPPATH/Controllers/Home.php(53): App\Controllers\Home->create()
165 APPPATH/Controllers/Home.php(81): App\Controllers\Home->register()
166 APPPATH/Controllers/Home.php(53): App\Controllers\Home->create()
167 APPPATH/Controllers/Home.php(81): App\Controllers\Home->register()
168 APPPATH/Controllers/Home.php(53): App\Controllers\Home->create()
169 APPPATH/Controllers/Home.php(81): App\Controllers\Home->register()
170 APPPATH/Controllers/Home.php(53): App\Controllers\Home->create()
171 APPPATH/Controllers/Home.php(81): App\Controllers\Home->register()
172 APPPATH/Controllers/Home.php(53): App\Controllers\Home->create()
173 APPPATH/Controllers/Home.php(81): App\Controllers\Home->register()
174 APPPATH/Controllers/Home.php(53): App\Controllers\Home->create()
175 APPPATH/Controllers/Home.php(81): App\Controllers\Home->register()
176 APPPATH/Controllers/Home.php(53): App\Controllers\Home->create()
177 APPPATH/Controllers/Home.php(81): App\Controllers\Home->register()
178 APPPATH/Controllers/Home.php(53): App\Controllers\Home->create()
179 APPPATH/Controllers/Home.php(81): App\Controllers\Home->register()
180 APPPATH/Controllers/Home.php(53): App\Controllers\Home->create()
181 APPPATH/Controllers/Home.php(81): App\Controllers\Home->register()
182 APPPATH/Controllers/Home.php(53): App\Controllers\Home->create()
183 APPPATH/Controllers/Home.php(81): App\Controllers\Home->register()
184 APPPATH/Controllers/Home.php(53): App\Controllers\Home->create()
185 APPPATH/Controllers/Home.php(81): App\Controllers\Home->register()
186 APPPATH/Controllers/Home.php(53): App\Controllers\Home->create()
187 APPPATH/Controllers/Home.php(81): App\Controllers\Home->register()
188 APPPATH/Controllers/Home.php(53): App\Controllers\Home->create()
189 APPPATH/Controllers/Home.php(81): App\Controllers\Home->register()
190 APPPATH/Controllers/Home.php(53): App\Controllers\Home->create()
191 APPPATH/Controllers/Home.php(81): App\Controllers\Home->register()
192 APPPATH/Controllers/Home.php(53): App\Controllers\Home->create()
193 APPPATH/Controllers/Home.php(81): App\Controllers\Home->register()
194 APPPATH/Controllers/Home.php(53): App\Controllers\Home->create()
195 SYSTEMPATH/CodeIgniter.php(927): App\Controllers\Home->register()
196 SYSTEMPATH/CodeIgniter.php(482): CodeIgniter\CodeIgniter->runController()
197 SYSTEMPATH/CodeIgniter.php(351): CodeIgniter\CodeIgniter->handleRequest()
198 FCPATH/index.php(67): CodeIgniter\CodeIgniter->run()
ERROR - 2022-12-05 13:35:14 --> mysqli_sql_exception: Column count doesn't match value count at row 1 in /var/www/html/system/Database/MySQLi/Connection.php:292
Stack trace:
#0 /var/www/html/system/Database/MySQLi/Connection.php(292): mysqli->query()
#1 /var/www/html/system/Database/BaseConnection.php(666): CodeIgniter\Database\MySQLi\Connection->execute()
#2 /var/www/html/system/Database/BaseConnection.php(593): CodeIgniter\Database\BaseConnection->simpleQuery()
#3 /var/www/html/system/Model.php(768): CodeIgniter\Database\BaseConnection->query()
#4 /var/www/html/app/Models/UserModel.php(59): CodeIgniter\Model->__call()
#5 /var/www/html/app/Controllers/Home.php(85): App\Models\UserModel->registrardatos()
#6 /var/www/html/app/Controllers/Home.php(53): App\Controllers\Home->create()
#7 /var/www/html/system/CodeIgniter.php(927): App\Controllers\Home->register()
#8 /var/www/html/system/CodeIgniter.php(482): CodeIgniter\CodeIgniter->runController()
#9 /var/www/html/system/CodeIgniter.php(351): CodeIgniter\CodeIgniter->handleRequest()
#10 /var/www/html/public/index.php(67): CodeIgniter\CodeIgniter->run()
#11 {main}
CRITICAL - 2022-12-05 13:35:14 --> Column count doesn't match value count at row 1
in SYSTEMPATH/Database/MySQLi/Connection.php on line 292.
 1 SYSTEMPATH/Database/MySQLi/Connection.php(292): mysqli->query()
 2 SYSTEMPATH/Database/BaseConnection.php(666): CodeIgniter\Database\MySQLi\Connection->execute()
 3 SYSTEMPATH/Database/BaseConnection.php(593): CodeIgniter\Database\BaseConnection->simpleQuery()
 4 SYSTEMPATH/Model.php(768): CodeIgniter\Database\BaseConnection->query()
 5 APPPATH/Models/UserModel.php(59): CodeIgniter\Model->__call()
 6 APPPATH/Controllers/Home.php(85): App\Models\UserModel->registrardatos()
 7 APPPATH/Controllers/Home.php(53): App\Controllers\Home->create()
 8 SYSTEMPATH/CodeIgniter.php(927): App\Controllers\Home->register()
 9 SYSTEMPATH/CodeIgniter.php(482): CodeIgniter\CodeIgniter->runController()
10 SYSTEMPATH/CodeIgniter.php(351): CodeIgniter\CodeIgniter->handleRequest()
11 FCPATH/index.php(67): CodeIgniter\CodeIgniter->run()
ERROR - 2022-12-05 13:36:19 --> mysqli_sql_exception: Column count doesn't match value count at row 1 in /var/www/html/system/Database/MySQLi/Connection.php:292
Stack trace:
#0 /var/www/html/system/Database/MySQLi/Connection.php(292): mysqli->query()
#1 /var/www/html/system/Database/BaseConnection.php(666): CodeIgniter\Database\MySQLi\Connection->execute()
#2 /var/www/html/system/Database/BaseConnection.php(593): CodeIgniter\Database\BaseConnection->simpleQuery()
#3 /var/www/html/system/Model.php(768): CodeIgniter\Database\BaseConnection->query()
#4 /var/www/html/app/Models/UserModel.php(59): CodeIgniter\Model->__call()
#5 /var/www/html/app/Controllers/Home.php(85): App\Models\UserModel->registrardatos()
#6 /var/www/html/app/Controllers/Home.php(53): App\Controllers\Home->create()
#7 /var/www/html/system/CodeIgniter.php(927): App\Controllers\Home->register()
#8 /var/www/html/system/CodeIgniter.php(482): CodeIgniter\CodeIgniter->runController()
#9 /var/www/html/system/CodeIgniter.php(351): CodeIgniter\CodeIgniter->handleRequest()
#10 /var/www/html/public/index.php(67): CodeIgniter\CodeIgniter->run()
#11 {main}
CRITICAL - 2022-12-05 13:36:19 --> Column count doesn't match value count at row 1
in SYSTEMPATH/Database/MySQLi/Connection.php on line 292.
 1 SYSTEMPATH/Database/MySQLi/Connection.php(292): mysqli->query()
 2 SYSTEMPATH/Database/BaseConnection.php(666): CodeIgniter\Database\MySQLi\Connection->execute()
 3 SYSTEMPATH/Database/BaseConnection.php(593): CodeIgniter\Database\BaseConnection->simpleQuery()
 4 SYSTEMPATH/Model.php(768): CodeIgniter\Database\BaseConnection->query()
 5 APPPATH/Models/UserModel.php(59): CodeIgniter\Model->__call()
 6 APPPATH/Controllers/Home.php(85): App\Models\UserModel->registrardatos()
 7 APPPATH/Controllers/Home.php(53): App\Controllers\Home->create()
 8 SYSTEMPATH/CodeIgniter.php(927): App\Controllers\Home->register()
 9 SYSTEMPATH/CodeIgniter.php(482): CodeIgniter\CodeIgniter->runController()
10 SYSTEMPATH/CodeIgniter.php(351): CodeIgniter\CodeIgniter->handleRequest()
11 FCPATH/index.php(67): CodeIgniter\CodeIgniter->run()
ERROR - 2022-12-05 13:41:40 --> mysqli_sql_exception: Unknown column 'aaaa' in 'field list' in /var/www/html/system/Database/MySQLi/Connection.php:292
Stack trace:
#0 /var/www/html/system/Database/MySQLi/Connection.php(292): mysqli->query()
#1 /var/www/html/system/Database/BaseConnection.php(666): CodeIgniter\Database\MySQLi\Connection->execute()
#2 /var/www/html/system/Database/BaseConnection.php(593): CodeIgniter\Database\BaseConnection->simpleQuery()
#3 /var/www/html/system/Model.php(768): CodeIgniter\Database\BaseConnection->query()
#4 /var/www/html/app/Models/UserModel.php(59): CodeIgniter\Model->__call()
#5 /var/www/html/app/Controllers/Home.php(85): App\Models\UserModel->registrardatos()
#6 /var/www/html/app/Controllers/Home.php(53): App\Controllers\Home->create()
#7 /var/www/html/system/CodeIgniter.php(927): App\Controllers\Home->register()
#8 /var/www/html/system/CodeIgniter.php(482): CodeIgniter\CodeIgniter->runController()
#9 /var/www/html/system/CodeIgniter.php(351): CodeIgniter\CodeIgniter->handleRequest()
#10 /var/www/html/public/index.php(67): CodeIgniter\CodeIgniter->run()
#11 {main}
CRITICAL - 2022-12-05 13:41:40 --> Unknown column 'aaaa' in 'field list'
in SYSTEMPATH/Database/MySQLi/Connection.php on line 292.
 1 SYSTEMPATH/Database/MySQLi/Connection.php(292): mysqli->query()
 2 SYSTEMPATH/Database/BaseConnection.php(666): CodeIgniter\Database\MySQLi\Connection->execute()
 3 SYSTEMPATH/Database/BaseConnection.php(593): CodeIgniter\Database\BaseConnection->simpleQuery()
 4 SYSTEMPATH/Model.php(768): CodeIgniter\Database\BaseConnection->query()
 5 APPPATH/Models/UserModel.php(59): CodeIgniter\Model->__call()
 6 APPPATH/Controllers/Home.php(85): App\Models\UserModel->registrardatos()
 7 APPPATH/Controllers/Home.php(53): App\Controllers\Home->create()
 8 SYSTEMPATH/CodeIgniter.php(927): App\Controllers\Home->register()
 9 SYSTEMPATH/CodeIgniter.php(482): CodeIgniter\CodeIgniter->runController()
10 SYSTEMPATH/CodeIgniter.php(351): CodeIgniter\CodeIgniter->handleRequest()
11 FCPATH/index.php(67): CodeIgniter\CodeIgniter->run()
ERROR - 2022-12-05 13:42:36 --> mysqli_sql_exception: Unknown column 'aaaa' in 'field list' in /var/www/html/system/Database/MySQLi/Connection.php:292
Stack trace:
#0 /var/www/html/system/Database/MySQLi/Connection.php(292): mysqli->query()
#1 /var/www/html/system/Database/BaseConnection.php(666): CodeIgniter\Database\MySQLi\Connection->execute()
#2 /var/www/html/system/Database/BaseConnection.php(593): CodeIgniter\Database\BaseConnection->simpleQuery()
#3 /var/www/html/system/Model.php(768): CodeIgniter\Database\BaseConnection->query()
#4 /var/www/html/app/Models/UserModel.php(59): CodeIgniter\Model->__call()
#5 /var/www/html/app/Controllers/Home.php(85): App\Models\UserModel->registrardatos()
#6 /var/www/html/app/Controllers/Home.php(53): App\Controllers\Home->create()
#7 /var/www/html/system/CodeIgniter.php(927): App\Controllers\Home->register()
#8 /var/www/html/system/CodeIgniter.php(482): CodeIgniter\CodeIgniter->runController()
#9 /var/www/html/system/CodeIgniter.php(351): CodeIgniter\CodeIgniter->handleRequest()
#10 /var/www/html/public/index.php(67): CodeIgniter\CodeIgniter->run()
#11 {main}
CRITICAL - 2022-12-05 13:42:36 --> Unknown column 'aaaa' in 'field list'
in SYSTEMPATH/Database/MySQLi/Connection.php on line 292.
 1 SYSTEMPATH/Database/MySQLi/Connection.php(292): mysqli->query()
 2 SYSTEMPATH/Database/BaseConnection.php(666): CodeIgniter\Database\MySQLi\Connection->execute()
 3 SYSTEMPATH/Database/BaseConnection.php(593): CodeIgniter\Database\BaseConnection->simpleQuery()
 4 SYSTEMPATH/Model.php(768): CodeIgniter\Database\BaseConnection->query()
 5 APPPATH/Models/UserModel.php(59): CodeIgniter\Model->__call()
 6 APPPATH/Controllers/Home.php(85): App\Models\UserModel->registrardatos()
 7 APPPATH/Controllers/Home.php(53): App\Controllers\Home->create()
 8 SYSTEMPATH/CodeIgniter.php(927): App\Controllers\Home->register()
 9 SYSTEMPATH/CodeIgniter.php(482): CodeIgniter\CodeIgniter->runController()
10 SYSTEMPATH/CodeIgniter.php(351): CodeIgniter\CodeIgniter->handleRequest()
11 FCPATH/index.php(67): CodeIgniter\CodeIgniter->run()
ERROR - 2022-12-05 14:02:39 --> mysqli_sql_exception: Unknown column 'aaaa' in 'field list' in /var/www/html/system/Database/MySQLi/Connection.php:292
Stack trace:
#0 /var/www/html/system/Database/MySQLi/Connection.php(292): mysqli->query()
#1 /var/www/html/system/Database/BaseConnection.php(666): CodeIgniter\Database\MySQLi\Connection->execute()
#2 /var/www/html/system/Database/BaseConnection.php(593): CodeIgniter\Database\BaseConnection->simpleQuery()
#3 /var/www/html/app/Models/UserModel.php(59): CodeIgniter\Database\BaseConnection->query()
#4 /var/www/html/app/Controllers/Home.php(85): App\Models\UserModel->registrardatos()
#5 /var/www/html/app/Controllers/Home.php(53): App\Controllers\Home->create()
#6 /var/www/html/system/CodeIgniter.php(927): App\Controllers\Home->register()
#7 /var/www/html/system/CodeIgniter.php(482): CodeIgniter\CodeIgniter->runController()
#8 /var/www/html/system/CodeIgniter.php(351): CodeIgniter\CodeIgniter->handleRequest()
#9 /var/www/html/public/index.php(67): CodeIgniter\CodeIgniter->run()
#10 {main}
CRITICAL - 2022-12-05 14:02:39 --> Unknown column 'aaaa' in 'field list'
in SYSTEMPATH/Database/MySQLi/Connection.php on line 292.
 1 SYSTEMPATH/Database/MySQLi/Connection.php(292): mysqli->query()
 2 SYSTEMPATH/Database/BaseConnection.php(666): CodeIgniter\Database\MySQLi\Connection->execute()
 3 SYSTEMPATH/Database/BaseConnection.php(593): CodeIgniter\Database\BaseConnection->simpleQuery()
 4 APPPATH/Models/UserModel.php(59): CodeIgniter\Database\BaseConnection->query()
 5 APPPATH/Controllers/Home.php(85): App\Models\UserModel->registrardatos()
 6 APPPATH/Controllers/Home.php(53): App\Controllers\Home->create()
 7 SYSTEMPATH/CodeIgniter.php(927): App\Controllers\Home->register()
 8 SYSTEMPATH/CodeIgniter.php(482): CodeIgniter\CodeIgniter->runController()
 9 SYSTEMPATH/CodeIgniter.php(351): CodeIgniter\CodeIgniter->handleRequest()
10 FCPATH/index.php(67): CodeIgniter\CodeIgniter->run()
ERROR - 2022-12-05 14:04:35 --> mysqli_sql_exception: Unknown column 'aaaa' in 'field list' in /var/www/html/system/Database/MySQLi/Connection.php:292
Stack trace:
#0 /var/www/html/system/Database/MySQLi/Connection.php(292): mysqli->query()
#1 /var/www/html/system/Database/BaseConnection.php(666): CodeIgniter\Database\MySQLi\Connection->execute()
#2 /var/www/html/system/Database/BaseConnection.php(593): CodeIgniter\Database\BaseConnection->simpleQuery()
#3 /var/www/html/app/Models/UserModel.php(59): CodeIgniter\Database\BaseConnection->query()
#4 /var/www/html/app/Controllers/Home.php(85): App\Models\UserModel->registrardatos()
#5 /var/www/html/app/Controllers/Home.php(53): App\Controllers\Home->create()
#6 /var/www/html/system/CodeIgniter.php(927): App\Controllers\Home->register()
#7 /var/www/html/system/CodeIgniter.php(482): CodeIgniter\CodeIgniter->runController()
#8 /var/www/html/system/CodeIgniter.php(351): CodeIgniter\CodeIgniter->handleRequest()
#9 /var/www/html/public/index.php(67): CodeIgniter\CodeIgniter->run()
#10 {main}
CRITICAL - 2022-12-05 14:04:35 --> Unknown column 'aaaa' in 'field list'
in SYSTEMPATH/Database/MySQLi/Connection.php on line 292.
 1 SYSTEMPATH/Database/MySQLi/Connection.php(292): mysqli->query()
 2 SYSTEMPATH/Database/BaseConnection.php(666): CodeIgniter\Database\MySQLi\Connection->execute()
 3 SYSTEMPATH/Database/BaseConnection.php(593): CodeIgniter\Database\BaseConnection->simpleQuery()
 4 APPPATH/Models/UserModel.php(59): CodeIgniter\Database\BaseConnection->query()
 5 APPPATH/Controllers/Home.php(85): App\Models\UserModel->registrardatos()
 6 APPPATH/Controllers/Home.php(53): App\Controllers\Home->create()
 7 SYSTEMPATH/CodeIgniter.php(927): App\Controllers\Home->register()
 8 SYSTEMPATH/CodeIgniter.php(482): CodeIgniter\CodeIgniter->runController()
 9 SYSTEMPATH/CodeIgniter.php(351): CodeIgniter\CodeIgniter->handleRequest()
10 FCPATH/index.php(67): CodeIgniter\CodeIgniter->run()
ERROR - 2022-12-05 14:05:05 --> mysqli_sql_exception: Unknown column 'aaaa' in 'field list' in /var/www/html/system/Database/MySQLi/Connection.php:292
Stack trace:
#0 /var/www/html/system/Database/MySQLi/Connection.php(292): mysqli->query()
#1 /var/www/html/system/Database/BaseConnection.php(666): CodeIgniter\Database\MySQLi\Connection->execute()
#2 /var/www/html/system/Database/BaseConnection.php(593): CodeIgniter\Database\BaseConnection->simpleQuery()
#3 /var/www/html/system/Model.php(768): CodeIgniter\Database\BaseConnection->query()
#4 /var/www/html/app/Models/UserModel.php(59): CodeIgniter\Model->__call()
#5 /var/www/html/app/Controllers/Home.php(85): App\Models\UserModel->registrardatos()
#6 /var/www/html/app/Controllers/Home.php(53): App\Controllers\Home->create()
#7 /var/www/html/system/CodeIgniter.php(927): App\Controllers\Home->register()
#8 /var/www/html/system/CodeIgniter.php(482): CodeIgniter\CodeIgniter->runController()
#9 /var/www/html/system/CodeIgniter.php(351): CodeIgniter\CodeIgniter->handleRequest()
#10 /var/www/html/public/index.php(67): CodeIgniter\CodeIgniter->run()
#11 {main}
CRITICAL - 2022-12-05 14:05:05 --> Unknown column 'aaaa' in 'field list'
in SYSTEMPATH/Database/MySQLi/Connection.php on line 292.
 1 SYSTEMPATH/Database/MySQLi/Connection.php(292): mysqli->query()
 2 SYSTEMPATH/Database/BaseConnection.php(666): CodeIgniter\Database\MySQLi\Connection->execute()
 3 SYSTEMPATH/Database/BaseConnection.php(593): CodeIgniter\Database\BaseConnection->simpleQuery()
 4 SYSTEMPATH/Model.php(768): CodeIgniter\Database\BaseConnection->query()
 5 APPPATH/Models/UserModel.php(59): CodeIgniter\Model->__call()
 6 APPPATH/Controllers/Home.php(85): App\Models\UserModel->registrardatos()
 7 APPPATH/Controllers/Home.php(53): App\Controllers\Home->create()
 8 SYSTEMPATH/CodeIgniter.php(927): App\Controllers\Home->register()
 9 SYSTEMPATH/CodeIgniter.php(482): CodeIgniter\CodeIgniter->runController()
10 SYSTEMPATH/CodeIgniter.php(351): CodeIgniter\CodeIgniter->handleRequest()
11 FCPATH/index.php(67): CodeIgniter\CodeIgniter->run()
ERROR - 2022-12-05 14:06:52 --> mysqli_sql_exception: You have an error in your SQL syntax; check the manual that corresponds to your MySQL server version for the right syntax to use near '?, ?, ?)' at line 1 in /var/www/html/system/Database/MySQLi/Connection.php:292
Stack trace:
#0 /var/www/html/system/Database/MySQLi/Connection.php(292): mysqli->query()
#1 /var/www/html/system/Database/BaseConnection.php(666): CodeIgniter\Database\MySQLi\Connection->execute()
#2 /var/www/html/system/Database/BaseConnection.php(593): CodeIgniter\Database\BaseConnection->simpleQuery()
#3 /var/www/html/app/Models/UserModel.php(58): CodeIgniter\Database\BaseConnection->query()
#4 /var/www/html/app/Controllers/Home.php(85): App\Models\UserModel->registrardatos()
#5 /var/www/html/app/Controllers/Home.php(53): App\Controllers\Home->create()
#6 /var/www/html/system/CodeIgniter.php(927): App\Controllers\Home->register()
#7 /var/www/html/system/CodeIgniter.php(482): CodeIgniter\CodeIgniter->runController()
#8 /var/www/html/system/CodeIgniter.php(351): CodeIgniter\CodeIgniter->handleRequest()
#9 /var/www/html/public/index.php(67): CodeIgniter\CodeIgniter->run()
#10 {main}
CRITICAL - 2022-12-05 14:06:52 --> You have an error in your SQL syntax; check the manual that corresponds to your MySQL server version for the right syntax to use near '?, ?, ?)' at line 1
in SYSTEMPATH/Database/MySQLi/Connection.php on line 292.
 1 SYSTEMPATH/Database/MySQLi/Connection.php(292): mysqli->query()
 2 SYSTEMPATH/Database/BaseConnection.php(666): CodeIgniter\Database\MySQLi\Connection->execute()
 3 SYSTEMPATH/Database/BaseConnection.php(593): CodeIgniter\Database\BaseConnection->simpleQuery()
 4 APPPATH/Models/UserModel.php(58): CodeIgniter\Database\BaseConnection->query()
 5 APPPATH/Controllers/Home.php(85): App\Models\UserModel->registrardatos()
 6 APPPATH/Controllers/Home.php(53): App\Controllers\Home->create()
 7 SYSTEMPATH/CodeIgniter.php(927): App\Controllers\Home->register()
 8 SYSTEMPATH/CodeIgniter.php(482): CodeIgniter\CodeIgniter->runController()
 9 SYSTEMPATH/CodeIgniter.php(351): CodeIgniter\CodeIgniter->handleRequest()
10 FCPATH/index.php(67): CodeIgniter\CodeIgniter->run()
ERROR - 2022-12-05 14:54:43 --> mysqli_sql_exception: Unknown column 'aaaa' in 'field list' in /var/www/html/system/Database/MySQLi/Connection.php:292
Stack trace:
#0 /var/www/html/system/Database/MySQLi/Connection.php(292): mysqli->query()
#1 /var/www/html/system/Database/BaseConnection.php(666): CodeIgniter\Database\MySQLi\Connection->execute()
#2 /var/www/html/system/Database/BaseConnection.php(593): CodeIgniter\Database\BaseConnection->simpleQuery()
#3 /var/www/html/app/Models/UserModel.php(59): CodeIgniter\Database\BaseConnection->query()
#4 /var/www/html/app/Controllers/Home.php(85): App\Models\UserModel->registrardatos()
#5 /var/www/html/app/Controllers/Home.php(53): App\Controllers\Home->create()
#6 /var/www/html/system/CodeIgniter.php(927): App\Controllers\Home->register()
#7 /var/www/html/system/CodeIgniter.php(482): CodeIgniter\CodeIgniter->runController()
#8 /var/www/html/system/CodeIgniter.php(351): CodeIgniter\CodeIgniter->handleRequest()
#9 /var/www/html/public/index.php(67): CodeIgniter\CodeIgniter->run()
#10 {main}
CRITICAL - 2022-12-05 14:54:43 --> Unknown column 'aaaa' in 'field list'
in SYSTEMPATH/Database/MySQLi/Connection.php on line 292.
 1 SYSTEMPATH/Database/MySQLi/Connection.php(292): mysqli->query()
 2 SYSTEMPATH/Database/BaseConnection.php(666): CodeIgniter\Database\MySQLi\Connection->execute()
 3 SYSTEMPATH/Database/BaseConnection.php(593): CodeIgniter\Database\BaseConnection->simpleQuery()
 4 APPPATH/Models/UserModel.php(59): CodeIgniter\Database\BaseConnection->query()
 5 APPPATH/Controllers/Home.php(85): App\Models\UserModel->registrardatos()
 6 APPPATH/Controllers/Home.php(53): App\Controllers\Home->create()
 7 SYSTEMPATH/CodeIgniter.php(927): App\Controllers\Home->register()
 8 SYSTEMPATH/CodeIgniter.php(482): CodeIgniter\CodeIgniter->runController()
 9 SYSTEMPATH/CodeIgniter.php(351): CodeIgniter\CodeIgniter->handleRequest()
10 FCPATH/index.php(67): CodeIgniter\CodeIgniter->run()
ERROR - 2022-12-05 15:02:00 --> mysqli_sql_exception: Unknown column 'aaaa' in 'field list' in /var/www/html/system/Database/MySQLi/Connection.php:292
Stack trace:
#0 /var/www/html/system/Database/MySQLi/Connection.php(292): mysqli->query()
#1 /var/www/html/system/Database/BaseConnection.php(666): CodeIgniter\Database\MySQLi\Connection->execute()
#2 /var/www/html/system/Database/BaseConnection.php(593): CodeIgniter\Database\BaseConnection->simpleQuery()
#3 /var/www/html/app/Models/UserModel.php(59): CodeIgniter\Database\BaseConnection->query()
#4 /var/www/html/app/Controllers/Home.php(88): App\Models\UserModel->registrardatos()
#5 /var/www/html/app/Controllers/Home.php(53): App\Controllers\Home->create()
#6 /var/www/html/system/CodeIgniter.php(927): App\Controllers\Home->register()
#7 /var/www/html/system/CodeIgniter.php(482): CodeIgniter\CodeIgniter->runController()
#8 /var/www/html/system/CodeIgniter.php(351): CodeIgniter\CodeIgniter->handleRequest()
#9 /var/www/html/public/index.php(67): CodeIgniter\CodeIgniter->run()
#10 {main}
CRITICAL - 2022-12-05 15:02:00 --> Unknown column 'aaaa' in 'field list'
in SYSTEMPATH/Database/MySQLi/Connection.php on line 292.
 1 SYSTEMPATH/Database/MySQLi/Connection.php(292): mysqli->query()
 2 SYSTEMPATH/Database/BaseConnection.php(666): CodeIgniter\Database\MySQLi\Connection->execute()
 3 SYSTEMPATH/Database/BaseConnection.php(593): CodeIgniter\Database\BaseConnection->simpleQuery()
 4 APPPATH/Models/UserModel.php(59): CodeIgniter\Database\BaseConnection->query()
 5 APPPATH/Controllers/Home.php(88): App\Models\UserModel->registrardatos()
 6 APPPATH/Controllers/Home.php(53): App\Controllers\Home->create()
 7 SYSTEMPATH/CodeIgniter.php(927): App\Controllers\Home->register()
 8 SYSTEMPATH/CodeIgniter.php(482): CodeIgniter\CodeIgniter->runController()
 9 SYSTEMPATH/CodeIgniter.php(351): CodeIgniter\CodeIgniter->handleRequest()
10 FCPATH/index.php(67): CodeIgniter\CodeIgniter->run()
CRITICAL - 2022-12-05 15:35:13 --> There is no data to insert.
in SYSTEMPATH/BaseModel.php on line 729.
 1 SYSTEMPATH/BaseModel.php(729): CodeIgniter\Database\Exceptions\DataException::forEmptyDataset()
 2 SYSTEMPATH/Model.php(667): CodeIgniter\BaseModel->insert()
 3 APPPATH/Controllers/Home.php(88): CodeIgniter\Model->insert()
 4 APPPATH/Controllers/Home.php(53): App\Controllers\Home->create()
 5 SYSTEMPATH/CodeIgniter.php(927): App\Controllers\Home->register()
 6 SYSTEMPATH/CodeIgniter.php(482): CodeIgniter\CodeIgniter->runController()
 7 SYSTEMPATH/CodeIgniter.php(351): CodeIgniter\CodeIgniter->handleRequest()
 8 FCPATH/index.php(67): CodeIgniter\CodeIgniter->run()
CRITICAL - 2022-12-05 15:42:33 --> There is no data to insert.
in SYSTEMPATH/BaseModel.php on line 729.
 1 SYSTEMPATH/BaseModel.php(729): CodeIgniter\Database\Exceptions\DataException::forEmptyDataset()
 2 SYSTEMPATH/Model.php(667): CodeIgniter\BaseModel->insert()
 3 APPPATH/Controllers/Home.php(88): CodeIgniter\Model->insert()
 4 APPPATH/Controllers/Home.php(53): App\Controllers\Home->create()
 5 SYSTEMPATH/CodeIgniter.php(927): App\Controllers\Home->register()
 6 SYSTEMPATH/CodeIgniter.php(482): CodeIgniter\CodeIgniter->runController()
 7 SYSTEMPATH/CodeIgniter.php(351): CodeIgniter\CodeIgniter->handleRequest()
 8 FCPATH/index.php(67): CodeIgniter\CodeIgniter->run()
CRITICAL - 2022-12-05 15:43:45 --> Undefined offset: 0
in APPPATH/Controllers/Home.php on line 90.
 1 APPPATH/Controllers/Home.php(90): CodeIgniter\Debug\Exceptions->errorHandler()
 2 APPPATH/Controllers/Home.php(53): App\Controllers\Home->create()
 3 SYSTEMPATH/CodeIgniter.php(927): App\Controllers\Home->register()
 4 SYSTEMPATH/CodeIgniter.php(482): CodeIgniter\CodeIgniter->runController()
 5 SYSTEMPATH/CodeIgniter.php(351): CodeIgniter\CodeIgniter->handleRequest()
 6 FCPATH/index.php(67): CodeIgniter\CodeIgniter->run()
CRITICAL - 2022-12-05 15:45:43 --> There is no data to insert.
in SYSTEMPATH/BaseModel.php on line 729.
 1 SYSTEMPATH/BaseModel.php(729): CodeIgniter\Database\Exceptions\DataException::forEmptyDataset()
 2 SYSTEMPATH/Model.php(667): CodeIgniter\BaseModel->insert()
 3 APPPATH/Controllers/Home.php(88): CodeIgniter\Model->insert()
 4 APPPATH/Controllers/Home.php(53): App\Controllers\Home->create()
 5 SYSTEMPATH/CodeIgniter.php(927): App\Controllers\Home->register()
 6 SYSTEMPATH/CodeIgniter.php(482): CodeIgniter\CodeIgniter->runController()
 7 SYSTEMPATH/CodeIgniter.php(351): CodeIgniter\CodeIgniter->handleRequest()
 8 FCPATH/index.php(67): CodeIgniter\CodeIgniter->run()
CRITICAL - 2022-12-05 15:46:46 --> Argument 2 passed to CodeIgniter\Model::insert() must be of the type bool, array given, called in /var/www/html/app/Controllers/Home.php on line 88
in SYSTEMPATH/Model.php on line 653.
 1 APPPATH/Controllers/Home.php(88): CodeIgniter\Model->insert()
 2 APPPATH/Controllers/Home.php(53): App\Controllers\Home->create()
 3 SYSTEMPATH/CodeIgniter.php(927): App\Controllers\Home->register()
 4 SYSTEMPATH/CodeIgniter.php(482): CodeIgniter\CodeIgniter->runController()
 5 SYSTEMPATH/CodeIgniter.php(351): CodeIgniter\CodeIgniter->handleRequest()
 6 FCPATH/index.php(67): CodeIgniter\CodeIgniter->run()
CRITICAL - 2022-12-05 15:52:39 --> syntax error, unexpected 'echo' (T_ECHO)
in APPPATH/Controllers/Home.php on line 87.
 1 SYSTEMPATH/Autoloader/Autoloader.php(259): CodeIgniter\Autoloader\Autoloader->includeFile()
 2 SYSTEMPATH/Autoloader/Autoloader.php(237): CodeIgniter\Autoloader\Autoloader->loadInNamespace()
 3 [internal function]: CodeIgniter\Autoloader\Autoloader->loadClass()
 4 [internal function]: spl_autoload_call()
 5 SYSTEMPATH/CodeIgniter.php(877): class_exists()
 6 SYSTEMPATH/CodeIgniter.php(469): CodeIgniter\CodeIgniter->startController()
 7 SYSTEMPATH/CodeIgniter.php(351): CodeIgniter\CodeIgniter->handleRequest()
 8 FCPATH/index.php(67): CodeIgniter\CodeIgniter->run()
CRITICAL - 2022-12-05 15:52:43 --> syntax error, unexpected 'echo' (T_ECHO)
in APPPATH/Controllers/Home.php on line 87.
 1 SYSTEMPATH/Autoloader/Autoloader.php(259): CodeIgniter\Autoloader\Autoloader->includeFile()
 2 SYSTEMPATH/Autoloader/Autoloader.php(237): CodeIgniter\Autoloader\Autoloader->loadInNamespace()
 3 [internal function]: CodeIgniter\Autoloader\Autoloader->loadClass()
 4 [internal function]: spl_autoload_call()
 5 SYSTEMPATH/CodeIgniter.php(877): class_exists()
 6 SYSTEMPATH/CodeIgniter.php(469): CodeIgniter\CodeIgniter->startController()
 7 SYSTEMPATH/CodeIgniter.php(351): CodeIgniter\CodeIgniter->handleRequest()
 8 FCPATH/index.php(67): CodeIgniter\CodeIgniter->run()
CRITICAL - 2022-12-05 16:16:39 --> Undefined offset: 0
in APPPATH/Controllers/Home.php on line 89.
 1 APPPATH/Controllers/Home.php(89): CodeIgniter\Debug\Exceptions->errorHandler()
 2 APPPATH/Controllers/Home.php(53): App\Controllers\Home->create()
 3 SYSTEMPATH/CodeIgniter.php(927): App\Controllers\Home->register()
 4 SYSTEMPATH/CodeIgniter.php(482): CodeIgniter\CodeIgniter->runController()
 5 SYSTEMPATH/CodeIgniter.php(351): CodeIgniter\CodeIgniter->handleRequest()
 6 FCPATH/index.php(67): CodeIgniter\CodeIgniter->run()
CRITICAL - 2022-12-05 16:16:56 --> Undefined offset: 0
in APPPATH/Controllers/Home.php on line 89.
 1 APPPATH/Controllers/Home.php(89): CodeIgniter\Debug\Exceptions->errorHandler()
 2 APPPATH/Controllers/Home.php(53): App\Controllers\Home->create()
 3 SYSTEMPATH/CodeIgniter.php(927): App\Controllers\Home->register()
 4 SYSTEMPATH/CodeIgniter.php(482): CodeIgniter\CodeIgniter->runController()
 5 SYSTEMPATH/CodeIgniter.php(351): CodeIgniter\CodeIgniter->handleRequest()
 6 FCPATH/index.php(67): CodeIgniter\CodeIgniter->run()
CRITICAL - 2022-12-05 16:17:17 --> Undefined offset: 0
in APPPATH/Controllers/Home.php on line 89.
 1 APPPATH/Controllers/Home.php(89): CodeIgniter\Debug\Exceptions->errorHandler()
 2 APPPATH/Controllers/Home.php(53): App\Controllers\Home->create()
 3 SYSTEMPATH/CodeIgniter.php(927): App\Controllers\Home->register()
 4 SYSTEMPATH/CodeIgniter.php(482): CodeIgniter\CodeIgniter->runController()
 5 SYSTEMPATH/CodeIgniter.php(351): CodeIgniter\CodeIgniter->handleRequest()
 6 FCPATH/index.php(67): CodeIgniter\CodeIgniter->run()
CRITICAL - 2022-12-05 16:17:52 --> Undefined offset: 0
in APPPATH/Controllers/Home.php on line 89.
 1 APPPATH/Controllers/Home.php(89): CodeIgniter\Debug\Exceptions->errorHandler()
 2 APPPATH/Controllers/Home.php(53): App\Controllers\Home->create()
 3 SYSTEMPATH/CodeIgniter.php(927): App\Controllers\Home->register()
 4 SYSTEMPATH/CodeIgniter.php(482): CodeIgniter\CodeIgniter->runController()
 5 SYSTEMPATH/CodeIgniter.php(351): CodeIgniter\CodeIgniter->handleRequest()
 6 FCPATH/index.php(67): CodeIgniter\CodeIgniter->run()
CRITICAL - 2022-12-05 16:18:03 --> Undefined offset: 1
in APPPATH/Controllers/Home.php on line 89.
 1 APPPATH/Controllers/Home.php(89): CodeIgniter\Debug\Exceptions->errorHandler()
 2 APPPATH/Controllers/Home.php(53): App\Controllers\Home->create()
 3 SYSTEMPATH/CodeIgniter.php(927): App\Controllers\Home->register()
 4 SYSTEMPATH/CodeIgniter.php(482): CodeIgniter\CodeIgniter->runController()
 5 SYSTEMPATH/CodeIgniter.php(351): CodeIgniter\CodeIgniter->handleRequest()
 6 FCPATH/index.php(67): CodeIgniter\CodeIgniter->run()
CRITICAL - 2022-12-05 16:18:20 --> Undefined offset: 1
in APPPATH/Controllers/Home.php on line 89.
 1 APPPATH/Controllers/Home.php(89): CodeIgniter\Debug\Exceptions->errorHandler()
 2 APPPATH/Controllers/Home.php(53): App\Controllers\Home->create()
 3 SYSTEMPATH/CodeIgniter.php(927): App\Controllers\Home->register()
 4 SYSTEMPATH/CodeIgniter.php(482): CodeIgniter\CodeIgniter->runController()
 5 SYSTEMPATH/CodeIgniter.php(351): CodeIgniter\CodeIgniter->handleRequest()
 6 FCPATH/index.php(67): CodeIgniter\CodeIgniter->run()
CRITICAL - 2022-12-05 16:18:40 --> Array to string conversion
in APPPATH/Controllers/Home.php on line 89.
 1 APPPATH/Controllers/Home.php(89): CodeIgniter\Debug\Exceptions->errorHandler()
 2 APPPATH/Controllers/Home.php(53): App\Controllers\Home->create()
 3 SYSTEMPATH/CodeIgniter.php(927): App\Controllers\Home->register()
 4 SYSTEMPATH/CodeIgniter.php(482): CodeIgniter\CodeIgniter->runController()
 5 SYSTEMPATH/CodeIgniter.php(351): CodeIgniter\CodeIgniter->handleRequest()
 6 FCPATH/index.php(67): CodeIgniter\CodeIgniter->run()
CRITICAL - 2022-12-05 18:09:26 --> Object of class App\Models\UserModel could not be converted to string
in SYSTEMPATH/Database/Query.php on line 335.
 1 SYSTEMPATH/Database/Query.php(335): strtr()
 2 SYSTEMPATH/Database/Query.php(310): CodeIgniter\Database\Query->matchNamedBinds()
 3 SYSTEMPATH/Database/Query.php(159): CodeIgniter\Database\Query->compileBinds()
 4 SYSTEMPATH/Database/BaseConnection.php(593): CodeIgniter\Database\Query->getQuery()
 5 SYSTEMPATH/Database/BaseBuilder.php(1585): CodeIgniter\Database\BaseConnection->query()
 6 APPPATH/Models/UserModel.php(73): CodeIgniter\Database\BaseBuilder->get()
 7 APPPATH/Controllers/Home.php(42): App\Models\UserModel->obtenerUsuario()
 8 SYSTEMPATH/CodeIgniter.php(927): App\Controllers\Home->login()
 9 SYSTEMPATH/CodeIgniter.php(482): CodeIgniter\CodeIgniter->runController()
10 SYSTEMPATH/CodeIgniter.php(351): CodeIgniter\CodeIgniter->handleRequest()
11 FCPATH/index.php(67): CodeIgniter\CodeIgniter->run()
CRITICAL - 2022-12-05 18:09:31 --> Object of class App\Models\UserModel could not be converted to string
in SYSTEMPATH/Database/Query.php on line 335.
 1 SYSTEMPATH/Database/Query.php(335): strtr()
 2 SYSTEMPATH/Database/Query.php(310): CodeIgniter\Database\Query->matchNamedBinds()
 3 SYSTEMPATH/Database/Query.php(159): CodeIgniter\Database\Query->compileBinds()
 4 SYSTEMPATH/Database/BaseConnection.php(593): CodeIgniter\Database\Query->getQuery()
 5 SYSTEMPATH/Database/BaseBuilder.php(1585): CodeIgniter\Database\BaseConnection->query()
 6 APPPATH/Models/UserModel.php(73): CodeIgniter\Database\BaseBuilder->get()
 7 APPPATH/Controllers/Home.php(42): App\Models\UserModel->obtenerUsuario()
 8 SYSTEMPATH/CodeIgniter.php(927): App\Controllers\Home->login()
 9 SYSTEMPATH/CodeIgniter.php(482): CodeIgniter\CodeIgniter->runController()
10 SYSTEMPATH/CodeIgniter.php(351): CodeIgniter\CodeIgniter->handleRequest()
11 FCPATH/index.php(67): CodeIgniter\CodeIgniter->run()
CRITICAL - 2022-12-05 18:09:44 --> Object of class App\Models\UserModel could not be converted to string
in SYSTEMPATH/Database/Query.php on line 335.
 1 SYSTEMPATH/Database/Query.php(335): strtr()
 2 SYSTEMPATH/Database/Query.php(310): CodeIgniter\Database\Query->matchNamedBinds()
 3 SYSTEMPATH/Database/Query.php(159): CodeIgniter\Database\Query->compileBinds()
 4 SYSTEMPATH/Database/BaseConnection.php(593): CodeIgniter\Database\Query->getQuery()
 5 SYSTEMPATH/Database/BaseBuilder.php(1585): CodeIgniter\Database\BaseConnection->query()
 6 APPPATH/Models/UserModel.php(73): CodeIgniter\Database\BaseBuilder->get()
 7 APPPATH/Controllers/Home.php(42): App\Models\UserModel->obtenerUsuario()
 8 SYSTEMPATH/CodeIgniter.php(927): App\Controllers\Home->login()
 9 SYSTEMPATH/CodeIgniter.php(482): CodeIgniter\CodeIgniter->runController()
10 SYSTEMPATH/CodeIgniter.php(351): CodeIgniter\CodeIgniter->handleRequest()
11 FCPATH/index.php(67): CodeIgniter\CodeIgniter->run()
CRITICAL - 2022-12-05 18:09:52 --> Object of class App\Models\UserModel could not be converted to string
in SYSTEMPATH/Database/Query.php on line 335.
 1 SYSTEMPATH/Database/Query.php(335): strtr()
 2 SYSTEMPATH/Database/Query.php(310): CodeIgniter\Database\Query->matchNamedBinds()
 3 SYSTEMPATH/Database/Query.php(159): CodeIgniter\Database\Query->compileBinds()
 4 SYSTEMPATH/Database/BaseConnection.php(593): CodeIgniter\Database\Query->getQuery()
 5 SYSTEMPATH/Database/BaseBuilder.php(1585): CodeIgniter\Database\BaseConnection->query()
 6 APPPATH/Models/UserModel.php(73): CodeIgniter\Database\BaseBuilder->get()
 7 APPPATH/Controllers/Home.php(42): App\Models\UserModel->obtenerUsuario()
 8 SYSTEMPATH/CodeIgniter.php(927): App\Controllers\Home->login()
 9 SYSTEMPATH/CodeIgniter.php(482): CodeIgniter\CodeIgniter->runController()
10 SYSTEMPATH/CodeIgniter.php(351): CodeIgniter\CodeIgniter->handleRequest()
11 FCPATH/index.php(67): CodeIgniter\CodeIgniter->run()
CRITICAL - 2022-12-05 18:11:14 --> Object of class App\Models\UserModel could not be converted to string
in SYSTEMPATH/Database/Query.php on line 335.
 1 SYSTEMPATH/Database/Query.php(335): strtr()
 2 SYSTEMPATH/Database/Query.php(310): CodeIgniter\Database\Query->matchNamedBinds()
 3 SYSTEMPATH/Database/Query.php(159): CodeIgniter\Database\Query->compileBinds()
 4 SYSTEMPATH/Database/BaseConnection.php(593): CodeIgniter\Database\Query->getQuery()
 5 SYSTEMPATH/Database/BaseBuilder.php(1585): CodeIgniter\Database\BaseConnection->query()
 6 APPPATH/Models/UserModel.php(73): CodeIgniter\Database\BaseBuilder->get()
 7 APPPATH/Controllers/Home.php(42): App\Models\UserModel->obtenerUsuario()
 8 SYSTEMPATH/CodeIgniter.php(927): App\Controllers\Home->login()
 9 SYSTEMPATH/CodeIgniter.php(482): CodeIgniter\CodeIgniter->runController()
10 SYSTEMPATH/CodeIgniter.php(351): CodeIgniter\CodeIgniter->handleRequest()
11 FCPATH/index.php(67): CodeIgniter\CodeIgniter->run()
CRITICAL - 2022-12-05 18:11:17 --> Object of class App\Models\UserModel could not be converted to string
in SYSTEMPATH/Database/Query.php on line 335.
 1 SYSTEMPATH/Database/Query.php(335): strtr()
 2 SYSTEMPATH/Database/Query.php(310): CodeIgniter\Database\Query->matchNamedBinds()
 3 SYSTEMPATH/Database/Query.php(159): CodeIgniter\Database\Query->compileBinds()
 4 SYSTEMPATH/Database/BaseConnection.php(593): CodeIgniter\Database\Query->getQuery()
 5 SYSTEMPATH/Database/BaseBuilder.php(1585): CodeIgniter\Database\BaseConnection->query()
 6 APPPATH/Models/UserModel.php(73): CodeIgniter\Database\BaseBuilder->get()
 7 APPPATH/Controllers/Home.php(42): App\Models\UserModel->obtenerUsuario()
 8 SYSTEMPATH/CodeIgniter.php(927): App\Controllers\Home->login()
 9 SYSTEMPATH/CodeIgniter.php(482): CodeIgniter\CodeIgniter->runController()
10 SYSTEMPATH/CodeIgniter.php(351): CodeIgniter\CodeIgniter->handleRequest()
11 FCPATH/index.php(67): CodeIgniter\CodeIgniter->run()
CRITICAL - 2022-12-05 18:20:31 --> Object of class App\Models\UserModel could not be converted to string
in SYSTEMPATH/Database/Query.php on line 335.
 1 SYSTEMPATH/Database/Query.php(335): strtr()
 2 SYSTEMPATH/Database/Query.php(310): CodeIgniter\Database\Query->matchNamedBinds()
 3 SYSTEMPATH/Database/Query.php(159): CodeIgniter\Database\Query->compileBinds()
 4 SYSTEMPATH/Database/BaseConnection.php(593): CodeIgniter\Database\Query->getQuery()
 5 SYSTEMPATH/Database/BaseBuilder.php(1585): CodeIgniter\Database\BaseConnection->query()
 6 APPPATH/Models/UserModel.php(73): CodeIgniter\Database\BaseBuilder->get()
 7 APPPATH/Controllers/Home.php(43): App\Models\UserModel->obtenerUsuario()
 8 SYSTEMPATH/CodeIgniter.php(927): App\Controllers\Home->login()
 9 SYSTEMPATH/CodeIgniter.php(482): CodeIgniter\CodeIgniter->runController()
10 SYSTEMPATH/CodeIgniter.php(351): CodeIgniter\CodeIgniter->handleRequest()
11 FCPATH/index.php(67): CodeIgniter\CodeIgniter->run()
CRITICAL - 2022-12-05 18:32:56 --> Object of class App\Models\UserModel could not be converted to string
in SYSTEMPATH/Database/Query.php on line 335.
 1 SYSTEMPATH/Database/Query.php(335): strtr()
 2 SYSTEMPATH/Database/Query.php(310): CodeIgniter\Database\Query->matchNamedBinds()
 3 SYSTEMPATH/Database/Query.php(159): CodeIgniter\Database\Query->compileBinds()
 4 SYSTEMPATH/Database/BaseConnection.php(593): CodeIgniter\Database\Query->getQuery()
 5 SYSTEMPATH/Database/BaseBuilder.php(1585): CodeIgniter\Database\BaseConnection->query()
 6 APPPATH/Models/UserModel.php(73): CodeIgniter\Database\BaseBuilder->get()
 7 APPPATH/Controllers/Home.php(43): App\Models\UserModel->obtenerUsuario()
 8 SYSTEMPATH/CodeIgniter.php(927): App\Controllers\Home->login()
 9 SYSTEMPATH/CodeIgniter.php(482): CodeIgniter\CodeIgniter->runController()
10 SYSTEMPATH/CodeIgniter.php(351): CodeIgniter\CodeIgniter->handleRequest()
11 FCPATH/index.php(67): CodeIgniter\CodeIgniter->run()
CRITICAL - 2022-12-05 18:33:49 --> Object of class App\Models\UserModel could not be converted to string
in SYSTEMPATH/Database/Query.php on line 335.
 1 SYSTEMPATH/Database/Query.php(335): strtr()
 2 SYSTEMPATH/Database/Query.php(310): CodeIgniter\Database\Query->matchNamedBinds()
 3 SYSTEMPATH/Database/Query.php(159): CodeIgniter\Database\Query->compileBinds()
 4 SYSTEMPATH/Database/BaseConnection.php(593): CodeIgniter\Database\Query->getQuery()
 5 SYSTEMPATH/Database/BaseBuilder.php(1585): CodeIgniter\Database\BaseConnection->query()
 6 APPPATH/Models/UserModel.php(73): CodeIgniter\Database\BaseBuilder->get()
 7 APPPATH/Controllers/Home.php(43): App\Models\UserModel->obtenerUsuario()
 8 SYSTEMPATH/CodeIgniter.php(927): App\Controllers\Home->login()
 9 SYSTEMPATH/CodeIgniter.php(482): CodeIgniter\CodeIgniter->runController()
10 SYSTEMPATH/CodeIgniter.php(351): CodeIgniter\CodeIgniter->handleRequest()
11 FCPATH/index.php(67): CodeIgniter\CodeIgniter->run()
CRITICAL - 2022-12-05 18:34:43 --> Object of class App\Models\UserModel could not be converted to string
in SYSTEMPATH/Database/Query.php on line 335.
 1 SYSTEMPATH/Database/Query.php(335): strtr()
 2 SYSTEMPATH/Database/Query.php(310): CodeIgniter\Database\Query->matchNamedBinds()
 3 SYSTEMPATH/Database/Query.php(159): CodeIgniter\Database\Query->compileBinds()
 4 SYSTEMPATH/Database/BaseConnection.php(593): CodeIgniter\Database\Query->getQuery()
 5 SYSTEMPATH/Database/BaseBuilder.php(1585): CodeIgniter\Database\BaseConnection->query()
 6 APPPATH/Models/UserModel.php(73): CodeIgniter\Database\BaseBuilder->get()
 7 APPPATH/Controllers/Home.php(43): App\Models\UserModel->obtenerUsuario()
 8 SYSTEMPATH/CodeIgniter.php(927): App\Controllers\Home->login()
 9 SYSTEMPATH/CodeIgniter.php(482): CodeIgniter\CodeIgniter->runController()
10 SYSTEMPATH/CodeIgniter.php(351): CodeIgniter\CodeIgniter->handleRequest()
11 FCPATH/index.php(67): CodeIgniter\CodeIgniter->run()
CRITICAL - 2022-12-05 18:38:06 --> Call to a member function obtenerUsuario() on null
in APPPATH/Controllers/Home.php on line 43.
 1 SYSTEMPATH/CodeIgniter.php(927): App\Controllers\Home->login()
 2 SYSTEMPATH/CodeIgniter.php(482): CodeIgniter\CodeIgniter->runController()
 3 SYSTEMPATH/CodeIgniter.php(351): CodeIgniter\CodeIgniter->handleRequest()
 4 FCPATH/index.php(67): CodeIgniter\CodeIgniter->run()
CRITICAL - 2022-12-05 18:56:21 --> Call to a member function obtenerUsuario() on null
in APPPATH/Controllers/Home.php on line 45.
 1 SYSTEMPATH/CodeIgniter.php(927): App\Controllers\Home->login2()
 2 SYSTEMPATH/CodeIgniter.php(482): CodeIgniter\CodeIgniter->runController()
 3 SYSTEMPATH/CodeIgniter.php(351): CodeIgniter\CodeIgniter->handleRequest()
 4 FCPATH/index.php(67): CodeIgniter\CodeIgniter->run()
CRITICAL - 2022-12-05 19:41:45 --> Array to string conversion
in APPPATH/Views/lentes_home.php on line 43.
 1 APPPATH/Views/lentes_home.php(43): CodeIgniter\Debug\Exceptions->errorHandler()
 2 SYSTEMPATH/View/View.php(213): include('APPPATH/Views/lentes_home.php')
 3 SYSTEMPATH/View/View.php(216): CodeIgniter\View\View->CodeIgniter\View\{closure}()
 4 SYSTEMPATH/Common.php(1134): CodeIgniter\View\View->render()
 5 APPPATH/Controllers/Home.php(35): view()
 6 APPPATH/Controllers/Home.php(117): App\Controllers\Home->index()
 7 APPPATH/Controllers/Home.php(78): App\Controllers\Home->create()
 8 SYSTEMPATH/CodeIgniter.php(927): App\Controllers\Home->register()
 9 SYSTEMPATH/CodeIgniter.php(482): CodeIgniter\CodeIgniter->runController()
10 SYSTEMPATH/CodeIgniter.php(351): CodeIgniter\CodeIgniter->handleRequest()
11 FCPATH/index.php(67): CodeIgniter\CodeIgniter->run()
CRITICAL - 2022-12-05 19:50:39 --> Invalid file: employees/login.php
in SYSTEMPATH/Exceptions/FrameworkException.php on line 33.
 1 SYSTEMPATH/View/View.php(201): CodeIgniter\Exceptions\FrameworkException::forInvalidFile()
 2 SYSTEMPATH/Common.php(1134): CodeIgniter\View\View->render()
 3 APPPATH/Controllers/Home.php(118): view()
 4 APPPATH/Controllers/Home.php(79): App\Controllers\Home->create()
 5 SYSTEMPATH/CodeIgniter.php(927): App\Controllers\Home->register()
 6 SYSTEMPATH/CodeIgniter.php(482): CodeIgniter\CodeIgniter->runController()
 7 SYSTEMPATH/CodeIgniter.php(351): CodeIgniter\CodeIgniter->handleRequest()
 8 FCPATH/index.php(67): CodeIgniter\CodeIgniter->run()
CRITICAL - 2022-12-05 23:33:16 --> Array to string conversion
in APPPATH/Controllers/Home.php on line 49.
 1 APPPATH/Controllers/Home.php(49): CodeIgniter\Debug\Exceptions->errorHandler()
 2 SYSTEMPATH/CodeIgniter.php(927): App\Controllers\Home->login2()
 3 SYSTEMPATH/CodeIgniter.php(482): CodeIgniter\CodeIgniter->runController()
 4 SYSTEMPATH/CodeIgniter.php(351): CodeIgniter\CodeIgniter->handleRequest()
 5 FCPATH/index.php(67): CodeIgniter\CodeIgniter->run()
CRITICAL - 2022-12-05 23:35:10 --> Array to string conversion
in APPPATH/Controllers/Home.php on line 48.
 1 APPPATH/Controllers/Home.php(48): CodeIgniter\Debug\Exceptions->errorHandler()
 2 SYSTEMPATH/CodeIgniter.php(927): App\Controllers\Home->login2()
 3 SYSTEMPATH/CodeIgniter.php(482): CodeIgniter\CodeIgniter->runController()
 4 SYSTEMPATH/CodeIgniter.php(351): CodeIgniter\CodeIgniter->handleRequest()
 5 FCPATH/index.php(67): CodeIgniter\CodeIgniter->run()
CRITICAL - 2022-12-05 23:35:50 --> Undefined offset: 0
in APPPATH/Controllers/Home.php on line 48.
 1 APPPATH/Controllers/Home.php(48): CodeIgniter\Debug\Exceptions->errorHandler()
 2 SYSTEMPATH/CodeIgniter.php(927): App\Controllers\Home->login2()
 3 SYSTEMPATH/CodeIgniter.php(482): CodeIgniter\CodeIgniter->runController()
 4 SYSTEMPATH/CodeIgniter.php(351): CodeIgniter\CodeIgniter->handleRequest()
 5 FCPATH/index.php(67): CodeIgniter\CodeIgniter->run()
CRITICAL - 2022-12-05 23:59:05 --> Undefined offset: 0
in APPPATH/Controllers/Home.php on line 49.
 1 APPPATH/Controllers/Home.php(49): CodeIgniter\Debug\Exceptions->errorHandler()
 2 SYSTEMPATH/CodeIgniter.php(927): App\Controllers\Home->login2()
 3 SYSTEMPATH/CodeIgniter.php(482): CodeIgniter\CodeIgniter->runController()
 4 SYSTEMPATH/CodeIgniter.php(351): CodeIgniter\CodeIgniter->handleRequest()
 5 FCPATH/index.php(67): CodeIgniter\CodeIgniter->run()
CRITICAL - 2022-12-05 23:59:24 --> Undefined offset: 0
in APPPATH/Controllers/Home.php on line 49.
 1 APPPATH/Controllers/Home.php(49): CodeIgniter\Debug\Exceptions->errorHandler()
 2 SYSTEMPATH/CodeIgniter.php(927): App\Controllers\Home->login2()
 3 SYSTEMPATH/CodeIgniter.php(482): CodeIgniter\CodeIgniter->runController()
 4 SYSTEMPATH/CodeIgniter.php(351): CodeIgniter\CodeIgniter->handleRequest()
 5 FCPATH/index.php(67): CodeIgniter\CodeIgniter->run()
CRITICAL - 2022-12-05 23:59:33 --> Undefined offset: 0
in APPPATH/Controllers/Home.php on line 49.
 1 APPPATH/Controllers/Home.php(49): CodeIgniter\Debug\Exceptions->errorHandler()
 2 SYSTEMPATH/CodeIgniter.php(927): App\Controllers\Home->login2()
 3 SYSTEMPATH/CodeIgniter.php(482): CodeIgniter\CodeIgniter->runController()
 4 SYSTEMPATH/CodeIgniter.php(351): CodeIgniter\CodeIgniter->handleRequest()
 5 FCPATH/index.php(67): CodeIgniter\CodeIgniter->run()
