CRITICAL - 2022-12-06 00:03:10 --> Undefined offset: 0
in APPPATH/Controllers/Home.php on line 49.
 1 APPPATH/Controllers/Home.php(49): CodeIgniter\Debug\Exceptions->errorHandler()
 2 SYSTEMPATH/CodeIgniter.php(927): App\Controllers\Home->login2()
 3 SYSTEMPATH/CodeIgniter.php(482): CodeIgniter\CodeIgniter->runController()
 4 SYSTEMPATH/CodeIgniter.php(351): CodeIgniter\CodeIgniter->handleRequest()
 5 FCPATH/index.php(67): CodeIgniter\CodeIgniter->run()
ERROR - 2022-12-06 00:05:53 --> mysqli_sql_exception: Table 'proyecto lentes.name' doesn't exist in /var/www/html/system/Database/MySQLi/Connection.php:292
Stack trace:
#0 /var/www/html/system/Database/MySQLi/Connection.php(292): mysqli->query()
#1 /var/www/html/system/Database/BaseConnection.php(666): CodeIgniter\Database\MySQLi\Connection->execute()
#2 /var/www/html/system/Database/BaseConnection.php(593): CodeIgniter\Database\BaseConnection->simpleQuery()
#3 /var/www/html/system/Database/BaseBuilder.php(1585): CodeIgniter\Database\BaseConnection->query()
#4 /var/www/html/app/Models/UserModel.php(73): CodeIgniter\Database\BaseBuilder->get()
#5 /var/www/html/app/Controllers/Home.php(47): App\Models\UserModel->obtenerUsuario()
#6 /var/www/html/system/CodeIgniter.php(927): App\Controllers\Home->login2()
#7 /var/www/html/system/CodeIgniter.php(482): CodeIgniter\CodeIgniter->runController()
#8 /var/www/html/system/CodeIgniter.php(351): CodeIgniter\CodeIgniter->handleRequest()
#9 /var/www/html/public/index.php(67): CodeIgniter\CodeIgniter->run()
#10 {main}
CRITICAL - 2022-12-06 00:05:53 --> Table 'proyecto lentes.name' doesn't exist
in SYSTEMPATH/Database/MySQLi/Connection.php on line 292.
 1 SYSTEMPATH/Database/MySQLi/Connection.php(292): mysqli->query()
 2 SYSTEMPATH/Database/BaseConnection.php(666): CodeIgniter\Database\MySQLi\Connection->execute()
 3 SYSTEMPATH/Database/BaseConnection.php(593): CodeIgniter\Database\BaseConnection->simpleQuery()
 4 SYSTEMPATH/Database/BaseBuilder.php(1585): CodeIgniter\Database\BaseConnection->query()
 5 APPPATH/Models/UserModel.php(73): CodeIgniter\Database\BaseBuilder->get()
 6 APPPATH/Controllers/Home.php(47): App\Models\UserModel->obtenerUsuario()
 7 SYSTEMPATH/CodeIgniter.php(927): App\Controllers\Home->login2()
 8 SYSTEMPATH/CodeIgniter.php(482): CodeIgniter\CodeIgniter->runController()
 9 SYSTEMPATH/CodeIgniter.php(351): CodeIgniter\CodeIgniter->handleRequest()
10 FCPATH/index.php(67): CodeIgniter\CodeIgniter->run()
CRITICAL - 2022-12-06 00:06:32 --> Undefined offset: 0
in APPPATH/Controllers/Home.php on line 49.
 1 APPPATH/Controllers/Home.php(49): CodeIgniter\Debug\Exceptions->errorHandler()
 2 SYSTEMPATH/CodeIgniter.php(927): App\Controllers\Home->login2()
 3 SYSTEMPATH/CodeIgniter.php(482): CodeIgniter\CodeIgniter->runController()
 4 SYSTEMPATH/CodeIgniter.php(351): CodeIgniter\CodeIgniter->handleRequest()
 5 FCPATH/index.php(67): CodeIgniter\CodeIgniter->run()
CRITICAL - 2022-12-06 00:08:38 --> Array to string conversion
in APPPATH/Controllers/Home.php on line 50.
 1 APPPATH/Controllers/Home.php(50): CodeIgniter\Debug\Exceptions->errorHandler()
 2 SYSTEMPATH/CodeIgniter.php(927): App\Controllers\Home->login2()
 3 SYSTEMPATH/CodeIgniter.php(482): CodeIgniter\CodeIgniter->runController()
 4 SYSTEMPATH/CodeIgniter.php(351): CodeIgniter\CodeIgniter->handleRequest()
 5 FCPATH/index.php(67): CodeIgniter\CodeIgniter->run()
CRITICAL - 2022-12-06 00:11:39 --> Array to string conversion
in APPPATH/Controllers/Home.php on line 50.
 1 APPPATH/Controllers/Home.php(50): CodeIgniter\Debug\Exceptions->errorHandler()
 2 SYSTEMPATH/CodeIgniter.php(927): App\Controllers\Home->login2()
 3 SYSTEMPATH/CodeIgniter.php(482): CodeIgniter\CodeIgniter->runController()
 4 SYSTEMPATH/CodeIgniter.php(351): CodeIgniter\CodeIgniter->handleRequest()
 5 FCPATH/index.php(67): CodeIgniter\CodeIgniter->run()
CRITICAL - 2022-12-06 00:13:31 --> Array to string conversion
in APPPATH/Controllers/Home.php on line 53.
 1 APPPATH/Controllers/Home.php(53): CodeIgniter\Debug\Exceptions->errorHandler()
 2 SYSTEMPATH/CodeIgniter.php(927): App\Controllers\Home->login2()
 3 SYSTEMPATH/CodeIgniter.php(482): CodeIgniter\CodeIgniter->runController()
 4 SYSTEMPATH/CodeIgniter.php(351): CodeIgniter\CodeIgniter->handleRequest()
 5 FCPATH/index.php(67): CodeIgniter\CodeIgniter->run()
CRITICAL - 2022-12-06 00:13:49 --> Array to string conversion
in APPPATH/Controllers/Home.php on line 53.
 1 APPPATH/Controllers/Home.php(53): CodeIgniter\Debug\Exceptions->errorHandler()
 2 SYSTEMPATH/CodeIgniter.php(927): App\Controllers\Home->login2()
 3 SYSTEMPATH/CodeIgniter.php(482): CodeIgniter\CodeIgniter->runController()
 4 SYSTEMPATH/CodeIgniter.php(351): CodeIgniter\CodeIgniter->handleRequest()
 5 FCPATH/index.php(67): CodeIgniter\CodeIgniter->run()
CRITICAL - 2022-12-06 00:20:46 --> Array to string conversion
in APPPATH/Controllers/Home.php on line 55.
 1 APPPATH/Controllers/Home.php(55): CodeIgniter\Debug\Exceptions->errorHandler()
 2 SYSTEMPATH/CodeIgniter.php(927): App\Controllers\Home->login2()
 3 SYSTEMPATH/CodeIgniter.php(482): CodeIgniter\CodeIgniter->runController()
 4 SYSTEMPATH/CodeIgniter.php(351): CodeIgniter\CodeIgniter->handleRequest()
 5 FCPATH/index.php(67): CodeIgniter\CodeIgniter->run()
CRITICAL - 2022-12-06 00:21:06 --> Array to string conversion
in APPPATH/Controllers/Home.php on line 55.
 1 APPPATH/Controllers/Home.php(55): CodeIgniter\Debug\Exceptions->errorHandler()
 2 SYSTEMPATH/CodeIgniter.php(927): App\Controllers\Home->login2()
 3 SYSTEMPATH/CodeIgniter.php(482): CodeIgniter\CodeIgniter->runController()
 4 SYSTEMPATH/CodeIgniter.php(351): CodeIgniter\CodeIgniter->handleRequest()
 5 FCPATH/index.php(67): CodeIgniter\CodeIgniter->run()
CRITICAL - 2022-12-06 00:23:01 --> Undefined offset: 0
in APPPATH/Controllers/Home.php on line 49.
 1 APPPATH/Controllers/Home.php(49): CodeIgniter\Debug\Exceptions->errorHandler()
 2 SYSTEMPATH/CodeIgniter.php(927): App\Controllers\Home->login2()
 3 SYSTEMPATH/CodeIgniter.php(482): CodeIgniter\CodeIgniter->runController()
 4 SYSTEMPATH/CodeIgniter.php(351): CodeIgniter\CodeIgniter->handleRequest()
 5 FCPATH/index.php(67): CodeIgniter\CodeIgniter->run()
CRITICAL - 2022-12-06 00:28:25 --> Array to string conversion
in APPPATH/Controllers/Home.php on line 65.
 1 APPPATH/Controllers/Home.php(65): CodeIgniter\Debug\Exceptions->errorHandler()
 2 SYSTEMPATH/CodeIgniter.php(927): App\Controllers\Home->login2()
 3 SYSTEMPATH/CodeIgniter.php(482): CodeIgniter\CodeIgniter->runController()
 4 SYSTEMPATH/CodeIgniter.php(351): CodeIgniter\CodeIgniter->handleRequest()
 5 FCPATH/index.php(67): CodeIgniter\CodeIgniter->run()
CRITICAL - 2022-12-06 00:29:58 --> Can't use function return value in write context
in APPPATH/Controllers/Home.php on line 53.
 1 [internal function]: CodeIgniter\Debug\Exceptions->shutdownHandler()
CRITICAL - 2022-12-06 00:31:56 --> Array to string conversion
in APPPATH/Controllers/Home.php on line 54.
 1 APPPATH/Controllers/Home.php(54): CodeIgniter\Debug\Exceptions->errorHandler()
 2 SYSTEMPATH/CodeIgniter.php(927): App\Controllers\Home->login2()
 3 SYSTEMPATH/CodeIgniter.php(482): CodeIgniter\CodeIgniter->runController()
 4 SYSTEMPATH/CodeIgniter.php(351): CodeIgniter\CodeIgniter->handleRequest()
 5 FCPATH/index.php(67): CodeIgniter\CodeIgniter->run()
CRITICAL - 2022-12-06 00:33:16 --> Array to string conversion
in APPPATH/Controllers/Home.php on line 54.
 1 APPPATH/Controllers/Home.php(54): CodeIgniter\Debug\Exceptions->errorHandler()
 2 SYSTEMPATH/CodeIgniter.php(927): App\Controllers\Home->login2()
 3 SYSTEMPATH/CodeIgniter.php(482): CodeIgniter\CodeIgniter->runController()
 4 SYSTEMPATH/CodeIgniter.php(351): CodeIgniter\CodeIgniter->handleRequest()
 5 FCPATH/index.php(67): CodeIgniter\CodeIgniter->run()
CRITICAL - 2022-12-06 00:34:25 --> Array to string conversion
in APPPATH/Controllers/Home.php on line 54.
 1 APPPATH/Controllers/Home.php(54): CodeIgniter\Debug\Exceptions->errorHandler()
 2 SYSTEMPATH/CodeIgniter.php(927): App\Controllers\Home->login2()
 3 SYSTEMPATH/CodeIgniter.php(482): CodeIgniter\CodeIgniter->runController()
 4 SYSTEMPATH/CodeIgniter.php(351): CodeIgniter\CodeIgniter->handleRequest()
 5 FCPATH/index.php(67): CodeIgniter\CodeIgniter->run()
CRITICAL - 2022-12-06 00:35:01 --> Undefined variable: hola
in APPPATH/Controllers/Home.php on line 53.
 1 APPPATH/Controllers/Home.php(53): CodeIgniter\Debug\Exceptions->errorHandler()
 2 SYSTEMPATH/CodeIgniter.php(927): App\Controllers\Home->login2()
 3 SYSTEMPATH/CodeIgniter.php(482): CodeIgniter\CodeIgniter->runController()
 4 SYSTEMPATH/CodeIgniter.php(351): CodeIgniter\CodeIgniter->handleRequest()
 5 FCPATH/index.php(67): CodeIgniter\CodeIgniter->run()
CRITICAL - 2022-12-06 00:35:12 --> Undefined index: usuario
in APPPATH/Controllers/Home.php on line 57.
 1 APPPATH/Controllers/Home.php(57): CodeIgniter\Debug\Exceptions->errorHandler()
 2 SYSTEMPATH/CodeIgniter.php(927): App\Controllers\Home->login2()
 3 SYSTEMPATH/CodeIgniter.php(482): CodeIgniter\CodeIgniter->runController()
 4 SYSTEMPATH/CodeIgniter.php(351): CodeIgniter\CodeIgniter->handleRequest()
 5 FCPATH/index.php(67): CodeIgniter\CodeIgniter->run()
CRITICAL - 2022-12-06 02:04:08 --> Undefined variable: referencia
in APPPATH/Controllers/Home.php on line 33.
 1 APPPATH/Controllers/Home.php(33): CodeIgniter\Debug\Exceptions->errorHandler()
 2 SYSTEMPATH/CodeIgniter.php(927): App\Controllers\Home->index()
 3 SYSTEMPATH/CodeIgniter.php(482): CodeIgniter\CodeIgniter->runController()
 4 SYSTEMPATH/CodeIgniter.php(351): CodeIgniter\CodeIgniter->handleRequest()
 5 FCPATH/index.php(67): CodeIgniter\CodeIgniter->run()
CRITICAL - 2022-12-06 02:20:19 --> Call to a member function redirect() on null
in APPPATH/Controllers/Home.php on line 128.
 1 APPPATH/Controllers/Home.php(89): App\Controllers\Home->create()
 2 SYSTEMPATH/CodeIgniter.php(927): App\Controllers\Home->register()
 3 SYSTEMPATH/CodeIgniter.php(482): CodeIgniter\CodeIgniter->runController()
 4 SYSTEMPATH/CodeIgniter.php(351): CodeIgniter\CodeIgniter->handleRequest()
 5 FCPATH/index.php(67): CodeIgniter\CodeIgniter->run()
CRITICAL - 2022-12-06 02:27:01 --> Argument 1 passed to CodeIgniter\HTTP\RedirectResponse::with() must be of the type string, null given, called in /var/www/html/app/Controllers/Home.php on line 128
in SYSTEMPATH/HTTP/RedirectResponse.php on line 134.
 1 APPPATH/Controllers/Home.php(128): CodeIgniter\HTTP\RedirectResponse->with()
 2 APPPATH/Controllers/Home.php(89): App\Controllers\Home->create()
 3 SYSTEMPATH/CodeIgniter.php(927): App\Controllers\Home->register()
 4 SYSTEMPATH/CodeIgniter.php(482): CodeIgniter\CodeIgniter->runController()
 5 SYSTEMPATH/CodeIgniter.php(351): CodeIgniter\CodeIgniter->handleRequest()
 6 FCPATH/index.php(67): CodeIgniter\CodeIgniter->run()
CRITICAL - 2022-12-06 02:30:30 --> Argument 1 passed to CodeIgniter\HTTP\RedirectResponse::with() must be of the type string, null given, called in /var/www/html/app/Controllers/Home.php on line 128
in SYSTEMPATH/HTTP/RedirectResponse.php on line 134.
 1 APPPATH/Controllers/Home.php(128): CodeIgniter\HTTP\RedirectResponse->with()
 2 APPPATH/Controllers/Home.php(89): App\Controllers\Home->create()
 3 SYSTEMPATH/CodeIgniter.php(927): App\Controllers\Home->register()
 4 SYSTEMPATH/CodeIgniter.php(482): CodeIgniter\CodeIgniter->runController()
 5 SYSTEMPATH/CodeIgniter.php(351): CodeIgniter\CodeIgniter->handleRequest()
 6 FCPATH/index.php(67): CodeIgniter\CodeIgniter->run()
CRITICAL - 2022-12-06 02:31:17 --> Argument 1 passed to CodeIgniter\HTTP\RedirectResponse::with() must be of the type string, null given, called in /var/www/html/app/Controllers/Home.php on line 128
in SYSTEMPATH/HTTP/RedirectResponse.php on line 134.
 1 APPPATH/Controllers/Home.php(128): CodeIgniter\HTTP\RedirectResponse->with()
 2 APPPATH/Controllers/Home.php(89): App\Controllers\Home->create()
 3 SYSTEMPATH/CodeIgniter.php(927): App\Controllers\Home->register()
 4 SYSTEMPATH/CodeIgniter.php(482): CodeIgniter\CodeIgniter->runController()
 5 SYSTEMPATH/CodeIgniter.php(351): CodeIgniter\CodeIgniter->handleRequest()
 6 FCPATH/index.php(67): CodeIgniter\CodeIgniter->run()
CRITICAL - 2022-12-06 03:06:39 --> Object of class App\Controllers\Home could not be converted to string
in APPPATH/Controllers/Home.php on line 129.
 1 APPPATH/Controllers/Home.php(89): App\Controllers\Home->create()
 2 SYSTEMPATH/CodeIgniter.php(927): App\Controllers\Home->register()
 3 SYSTEMPATH/CodeIgniter.php(482): CodeIgniter\CodeIgniter->runController()
 4 SYSTEMPATH/CodeIgniter.php(351): CodeIgniter\CodeIgniter->handleRequest()
 5 FCPATH/index.php(67): CodeIgniter\CodeIgniter->run()
CRITICAL - 2022-12-06 03:07:08 --> Object of class App\Controllers\Home could not be converted to string
in APPPATH/Controllers/Home.php on line 129.
 1 APPPATH/Controllers/Home.php(89): App\Controllers\Home->create()
 2 SYSTEMPATH/CodeIgniter.php(927): App\Controllers\Home->register()
 3 SYSTEMPATH/CodeIgniter.php(482): CodeIgniter\CodeIgniter->runController()
 4 SYSTEMPATH/CodeIgniter.php(351): CodeIgniter\CodeIgniter->handleRequest()
 5 FCPATH/index.php(67): CodeIgniter\CodeIgniter->run()
CRITICAL - 2022-12-06 03:08:17 --> Object of class App\Controllers\Home could not be converted to string
in APPPATH/Controllers/Home.php on line 129.
 1 APPPATH/Controllers/Home.php(89): App\Controllers\Home->create()
 2 SYSTEMPATH/CodeIgniter.php(927): App\Controllers\Home->register()
 3 SYSTEMPATH/CodeIgniter.php(482): CodeIgniter\CodeIgniter->runController()
 4 SYSTEMPATH/CodeIgniter.php(351): CodeIgniter\CodeIgniter->handleRequest()
 5 FCPATH/index.php(67): CodeIgniter\CodeIgniter->run()
CRITICAL - 2022-12-06 03:08:35 --> Object of class App\Controllers\Home could not be converted to string
in APPPATH/Controllers/Home.php on line 129.
 1 APPPATH/Controllers/Home.php(89): App\Controllers\Home->create()
 2 SYSTEMPATH/CodeIgniter.php(927): App\Controllers\Home->register()
 3 SYSTEMPATH/CodeIgniter.php(482): CodeIgniter\CodeIgniter->runController()
 4 SYSTEMPATH/CodeIgniter.php(351): CodeIgniter\CodeIgniter->handleRequest()
 5 FCPATH/index.php(67): CodeIgniter\CodeIgniter->run()
CRITICAL - 2022-12-06 03:10:13 --> Argument 1 passed to CodeIgniter\HTTP\RedirectResponse::to() must be of the type string, null given, called in /var/www/html/app/Controllers/Home.php on line 129
in SYSTEMPATH/HTTP/RedirectResponse.php on line 32.
 1 APPPATH/Controllers/Home.php(129): CodeIgniter\HTTP\RedirectResponse->to()
 2 APPPATH/Controllers/Home.php(89): App\Controllers\Home->create()
 3 SYSTEMPATH/CodeIgniter.php(927): App\Controllers\Home->register()
 4 SYSTEMPATH/CodeIgniter.php(482): CodeIgniter\CodeIgniter->runController()
 5 SYSTEMPATH/CodeIgniter.php(351): CodeIgniter\CodeIgniter->handleRequest()
 6 FCPATH/index.php(67): CodeIgniter\CodeIgniter->run()
CRITICAL - 2022-12-06 03:12:34 --> Call to a member function login() on null
in APPPATH/Controllers/Home.php on line 129.
 1 APPPATH/Controllers/Home.php(89): App\Controllers\Home->create()
 2 SYSTEMPATH/CodeIgniter.php(927): App\Controllers\Home->register()
 3 SYSTEMPATH/CodeIgniter.php(482): CodeIgniter\CodeIgniter->runController()
 4 SYSTEMPATH/CodeIgniter.php(351): CodeIgniter\CodeIgniter->handleRequest()
 5 FCPATH/index.php(67): CodeIgniter\CodeIgniter->run()
CRITICAL - 2022-12-06 03:14:19 --> Argument 1 passed to view() must be of the type string, null given, called in /var/www/html/app/Controllers/Home.php on line 129
in SYSTEMPATH/Common.php on line 1120.
 1 APPPATH/Controllers/Home.php(129): view()
 2 APPPATH/Controllers/Home.php(89): App\Controllers\Home->create()
 3 SYSTEMPATH/CodeIgniter.php(927): App\Controllers\Home->register()
 4 SYSTEMPATH/CodeIgniter.php(482): CodeIgniter\CodeIgniter->runController()
 5 SYSTEMPATH/CodeIgniter.php(351): CodeIgniter\CodeIgniter->handleRequest()
 6 FCPATH/index.php(67): CodeIgniter\CodeIgniter->run()
CRITICAL - 2022-12-06 03:15:30 --> Argument 2 passed to view() must be of the type array, null given, called in /var/www/html/app/Controllers/Home.php on line 129
in SYSTEMPATH/Common.php on line 1120.
 1 APPPATH/Controllers/Home.php(129): view()
 2 APPPATH/Controllers/Home.php(89): App\Controllers\Home->create()
 3 SYSTEMPATH/CodeIgniter.php(927): App\Controllers\Home->register()
 4 SYSTEMPATH/CodeIgniter.php(482): CodeIgniter\CodeIgniter->runController()
 5 SYSTEMPATH/CodeIgniter.php(351): CodeIgniter\CodeIgniter->handleRequest()
 6 FCPATH/index.php(67): CodeIgniter\CodeIgniter->run()
CRITICAL - 2022-12-06 04:13:02 --> Undefined offset: 0
in APPPATH/Controllers/Home.php on line 54.
 1 APPPATH/Controllers/Home.php(54): CodeIgniter\Debug\Exceptions->errorHandler()
 2 SYSTEMPATH/CodeIgniter.php(927): App\Controllers\Home->login2()
 3 SYSTEMPATH/CodeIgniter.php(482): CodeIgniter\CodeIgniter->runController()
 4 SYSTEMPATH/CodeIgniter.php(351): CodeIgniter\CodeIgniter->handleRequest()
 5 FCPATH/index.php(67): CodeIgniter\CodeIgniter->run()
CRITICAL - 2022-12-06 12:30:46 --> Undefined variable: routues
in APPPATH/Config/Routes.php on line 44.
 1 APPPATH/Config/Routes.php(44): CodeIgniter\Debug\Exceptions->errorHandler()
 2 SYSTEMPATH/CodeIgniter.php(789): require('APPPATH/Config/Routes.php')
 3 SYSTEMPATH/CodeIgniter.php(430): CodeIgniter\CodeIgniter->tryToRouteIt()
 4 SYSTEMPATH/CodeIgniter.php(351): CodeIgniter\CodeIgniter->handleRequest()
 5 FCPATH/index.php(67): CodeIgniter\CodeIgniter->run()
CRITICAL - 2022-12-06 14:10:08 --> Undefined offset: 0
in APPPATH/Views/employees/prueba.php on line 45.
 1 APPPATH/Views/employees/prueba.php(45): CodeIgniter\Debug\Exceptions->errorHandler()
 2 APPPATH/Views/employees/prueba.php(61): matrix->multi()
 3 SYSTEMPATH/View/View.php(213): include('APPPATH/Views/employees/prueba.php')
 4 SYSTEMPATH/View/View.php(216): CodeIgniter\View\View->CodeIgniter\View\{closure}()
 5 SYSTEMPATH/Common.php(1134): CodeIgniter\View\View->render()
 6 APPPATH/Controllers/Home.php(16): view()
 7 SYSTEMPATH/CodeIgniter.php(927): App\Controllers\Home->prueba()
 8 SYSTEMPATH/CodeIgniter.php(482): CodeIgniter\CodeIgniter->runController()
 9 SYSTEMPATH/CodeIgniter.php(351): CodeIgniter\CodeIgniter->handleRequest()
10 FCPATH/index.php(67): CodeIgniter\CodeIgniter->run()
CRITICAL - 2022-12-06 14:11:09 --> Undefined offset: 0
in APPPATH/Views/employees/prueba.php on line 45.
 1 APPPATH/Views/employees/prueba.php(45): CodeIgniter\Debug\Exceptions->errorHandler()
 2 APPPATH/Views/employees/prueba.php(61): matrix->multi()
 3 SYSTEMPATH/View/View.php(213): include('APPPATH/Views/employees/prueba.php')
 4 SYSTEMPATH/View/View.php(216): CodeIgniter\View\View->CodeIgniter\View\{closure}()
 5 SYSTEMPATH/Common.php(1134): CodeIgniter\View\View->render()
 6 APPPATH/Controllers/Home.php(16): view()
 7 SYSTEMPATH/CodeIgniter.php(927): App\Controllers\Home->prueba()
 8 SYSTEMPATH/CodeIgniter.php(482): CodeIgniter\CodeIgniter->runController()
 9 SYSTEMPATH/CodeIgniter.php(351): CodeIgniter\CodeIgniter->handleRequest()
10 FCPATH/index.php(67): CodeIgniter\CodeIgniter->run()
CRITICAL - 2022-12-06 14:11:10 --> Undefined offset: 0
in APPPATH/Views/employees/prueba.php on line 45.
 1 APPPATH/Views/employees/prueba.php(45): CodeIgniter\Debug\Exceptions->errorHandler()
 2 APPPATH/Views/employees/prueba.php(61): matrix->multi()
 3 SYSTEMPATH/View/View.php(213): include('APPPATH/Views/employees/prueba.php')
 4 SYSTEMPATH/View/View.php(216): CodeIgniter\View\View->CodeIgniter\View\{closure}()
 5 SYSTEMPATH/Common.php(1134): CodeIgniter\View\View->render()
 6 APPPATH/Controllers/Home.php(16): view()
 7 SYSTEMPATH/CodeIgniter.php(927): App\Controllers\Home->prueba()
 8 SYSTEMPATH/CodeIgniter.php(482): CodeIgniter\CodeIgniter->runController()
 9 SYSTEMPATH/CodeIgniter.php(351): CodeIgniter\CodeIgniter->handleRequest()
10 FCPATH/index.php(67): CodeIgniter\CodeIgniter->run()
CRITICAL - 2022-12-06 14:11:12 --> Undefined offset: 0
in APPPATH/Views/employees/prueba.php on line 45.
 1 APPPATH/Views/employees/prueba.php(45): CodeIgniter\Debug\Exceptions->errorHandler()
 2 APPPATH/Views/employees/prueba.php(61): matrix->multi()
 3 SYSTEMPATH/View/View.php(213): include('APPPATH/Views/employees/prueba.php')
 4 SYSTEMPATH/View/View.php(216): CodeIgniter\View\View->CodeIgniter\View\{closure}()
 5 SYSTEMPATH/Common.php(1134): CodeIgniter\View\View->render()
 6 APPPATH/Controllers/Home.php(16): view()
 7 SYSTEMPATH/CodeIgniter.php(927): App\Controllers\Home->prueba()
 8 SYSTEMPATH/CodeIgniter.php(482): CodeIgniter\CodeIgniter->runController()
 9 SYSTEMPATH/CodeIgniter.php(351): CodeIgniter\CodeIgniter->handleRequest()
10 FCPATH/index.php(67): CodeIgniter\CodeIgniter->run()
CRITICAL - 2022-12-06 14:11:13 --> Undefined offset: 0
in APPPATH/Views/employees/prueba.php on line 45.
 1 APPPATH/Views/employees/prueba.php(45): CodeIgniter\Debug\Exceptions->errorHandler()
 2 APPPATH/Views/employees/prueba.php(61): matrix->multi()
 3 SYSTEMPATH/View/View.php(213): include('APPPATH/Views/employees/prueba.php')
 4 SYSTEMPATH/View/View.php(216): CodeIgniter\View\View->CodeIgniter\View\{closure}()
 5 SYSTEMPATH/Common.php(1134): CodeIgniter\View\View->render()
 6 APPPATH/Controllers/Home.php(16): view()
 7 SYSTEMPATH/CodeIgniter.php(927): App\Controllers\Home->prueba()
 8 SYSTEMPATH/CodeIgniter.php(482): CodeIgniter\CodeIgniter->runController()
 9 SYSTEMPATH/CodeIgniter.php(351): CodeIgniter\CodeIgniter->handleRequest()
10 FCPATH/index.php(67): CodeIgniter\CodeIgniter->run()
CRITICAL - 2022-12-06 18:14:02 --> Invalid file: employees/prueba.php
in SYSTEMPATH/Exceptions/FrameworkException.php on line 33.
 1 SYSTEMPATH/View/View.php(201): CodeIgniter\Exceptions\FrameworkException::forInvalidFile()
 2 SYSTEMPATH/Common.php(1134): CodeIgniter\View\View->render()
 3 APPPATH/Controllers/Home.php(13): view()
 4 SYSTEMPATH/CodeIgniter.php(927): App\Controllers\Home->index()
 5 SYSTEMPATH/CodeIgniter.php(482): CodeIgniter\CodeIgniter->runController()
 6 SYSTEMPATH/CodeIgniter.php(351): CodeIgniter\CodeIgniter->handleRequest()
 7 FCPATH/index.php(67): CodeIgniter\CodeIgniter->run()
CRITICAL - 2022-12-06 18:14:08 --> Invalid file: employees/prueba.php
in SYSTEMPATH/Exceptions/FrameworkException.php on line 33.
 1 SYSTEMPATH/View/View.php(201): CodeIgniter\Exceptions\FrameworkException::forInvalidFile()
 2 SYSTEMPATH/Common.php(1134): CodeIgniter\View\View->render()
 3 APPPATH/Controllers/Home.php(13): view()
 4 SYSTEMPATH/CodeIgniter.php(927): App\Controllers\Home->index()
 5 SYSTEMPATH/CodeIgniter.php(482): CodeIgniter\CodeIgniter->runController()
 6 SYSTEMPATH/CodeIgniter.php(351): CodeIgniter\CodeIgniter->handleRequest()
 7 FCPATH/index.php(67): CodeIgniter\CodeIgniter->run()
